<?xml version="1.0" encoding="UTF-8"?>
<testsuite xmlns:xsi="http://www.w3.org/2001/XMLSchema-instance" xsi:noNamespaceSchemaLocation="https://maven.apache.org/surefire/maven-surefire-plugin/xsd/surefire-test-report-3.0.xsd" version="3.0" name="org.bpmnflow.runtime.service.PizzaDeliveryIntegrationTest$FluxoPrepaid" time="2.243" tests="1" errors="0" skipped="0" failures="0">
  <properties>
[...]
</properties>
  <testcase name="dlvOnlyDeliveryParaEatSemPagamento" classname="org.bpmnflow.runtime.service.PizzaDeliveryIntegrationTest$FluxoPrepaid" time="0.524">
    <system-out><![CDATA[2026-04-12T16:46:13.482-03:00  INFO 45272 --- [bpmnflow-process-runtime] [           main] t.c.s.AnnotationConfigContextLoaderUtils : Could not detect default configuration classes for test class [org.bpmnflow.runtime.service.PizzaDeliveryIntegrationTest$FluxoPrepaid]: FluxoPrepaid does not declare any static, non-private, non-final, nested classes annotated with @Configuration.
2026-04-12T16:46:13.484-03:00  INFO 45272 --- [bpmnflow-process-runtime] [           main] .b.t.c.SpringBootTestContextBootstrapper : Found @SpringBootConfiguration org.bpmnflow.runtime.ProcessRuntimeApplication for test class org.bpmnflow.runtime.service.PizzaDeliveryIntegrationTest$FluxoPrepaid

  .   ____          _            __ _ _
 /\\ / ___'_ __ _ _(_)_ __  __ _ \ \ \ \
( ( )\___ | '_ | '_| | '_ \/ _` | \ \ \ \
 \\/  ___)| |_)| | | | | || (_| |  ) ) ) )
  '  |____| .__|_| |_|_| |_\__, | / / / /
 =========|_|==============|___/=/_/_/_/

 :: Spring Boot ::               (v3.5.13)

2026-04-12T16:46:13.538-03:00  INFO 45272 --- [bpmnflow-process-runtime] [           main] o.b.r.s.PizzaDeliveryIntegrationTest     : Starting PizzaDeliveryIntegrationTest using Java 21.0.10 with PID 45272 (started by jeferson.ferreira in C:\Users\jeferson.ferreira\IdeaProjects\bpmnflow-process-runtime)
2026-04-12T16:46:13.538-03:00  INFO 45272 --- [bpmnflow-process-runtime] [           main] o.b.r.s.PizzaDeliveryIntegrationTest     : The following 1 profile is active: "test"
2026-04-12T16:46:13.983-03:00  INFO 45272 --- [bpmnflow-process-runtime] [           main] .s.d.r.c.RepositoryConfigurationDelegate : Bootstrapping Spring Data JPA repositories in DEFAULT mode.
2026-04-12T16:46:14.068-03:00  INFO 45272 --- [bpmnflow-process-runtime] [           main] .s.d.r.c.RepositoryConfigurationDelegate : Finished Spring Data repository scanning in 81 ms. Found 13 JPA repository interfaces.
2026-04-12T16:46:14.199-03:00  INFO 45272 --- [bpmnflow-process-runtime] [           main] com.zaxxer.hikari.HikariDataSource       : HikariPool-19 - Starting...
2026-04-12T16:46:14.201-03:00  INFO 45272 --- [bpmnflow-process-runtime] [           main] com.zaxxer.hikari.pool.HikariPool        : HikariPool-19 - Added connection conn180: url=jdbc:h2:mem:testdb user=SA
2026-04-12T16:46:14.202-03:00  INFO 45272 --- [bpmnflow-process-runtime] [           main] com.zaxxer.hikari.HikariDataSource       : HikariPool-19 - Start completed.
2026-04-12T16:46:14.203-03:00  INFO 45272 --- [bpmnflow-process-runtime] [           main] liquibase.database                       : Set default schema name to PUBLIC
2026-04-12T16:46:14.244-03:00  INFO 45272 --- [bpmnflow-process-runtime] [           main] liquibase.changelog                      : Reading from PUBLIC.DATABASECHANGELOG
2026-04-12T16:46:14.344-03:00  INFO 45272 --- [bpmnflow-process-runtime] [           main] liquibase.ui                             : Database is up to date, no changesets to execute
2026-04-12T16:46:14.354-03:00  INFO 45272 --- [bpmnflow-process-runtime] [           main] liquibase.util                           : UPDATE SUMMARY
2026-04-12T16:46:14.354-03:00  INFO 45272 --- [bpmnflow-process-runtime] [           main] liquibase.util                           : Run:                          0
2026-04-12T16:46:14.354-03:00  INFO 45272 --- [bpmnflow-process-runtime] [           main] liquibase.util                           : Previously run:              17
2026-04-12T16:46:14.354-03:00  INFO 45272 --- [bpmnflow-process-runtime] [           main] liquibase.util                           : Filtered out:                 0
2026-04-12T16:46:14.354-03:00  INFO 45272 --- [bpmnflow-process-runtime] [           main] liquibase.util                           : -------------------------------
2026-04-12T16:46:14.354-03:00  INFO 45272 --- [bpmnflow-process-runtime] [           main] liquibase.util                           : Total change sets:           17
2026-04-12T16:46:14.355-03:00  INFO 45272 --- [bpmnflow-process-runtime] [           main] liquibase.util                           : Update summary generated
2026-04-12T16:46:14.355-03:00  INFO 45272 --- [bpmnflow-process-runtime] [           main] liquibase.command                        : Command execution complete
2026-04-12T16:46:14.396-03:00  INFO 45272 --- [bpmnflow-process-runtime] [           main] o.hibernate.jpa.internal.util.LogHelper  : HHH000204: Processing PersistenceUnitInfo [name: default]
2026-04-12T16:46:14.407-03:00  INFO 45272 --- [bpmnflow-process-runtime] [           main] o.h.c.internal.RegionFactoryInitiator    : HHH000026: Second-level cache disabled
2026-04-12T16:46:14.432-03:00  INFO 45272 --- [bpmnflow-process-runtime] [           main] o.s.o.j.p.SpringPersistenceUnitInfo      : No LoadTimeWeaver setup: ignoring JPA class transformer
2026-04-12T16:46:14.435-03:00  WARN 45272 --- [bpmnflow-process-runtime] [           main] org.hibernate.orm.deprecation            : HHH90000025: H2Dialect does not need to be specified explicitly using 'hibernate.dialect' (remove the property setting and it will be selected by default)
2026-04-12T16:46:14.436-03:00  INFO 45272 --- [bpmnflow-process-runtime] [           main] org.hibernate.orm.connections.pooling    : HHH10001005: Database info:
	Database JDBC URL [Connecting through datasource 'HikariDataSource (HikariPool-19)']
	Database driver: undefined/unknown
	Database version: 2.3.232
	Autocommit mode: undefined/unknown
	Isolation level: undefined/unknown
	Minimum pool size: undefined/unknown
	Maximum pool size: undefined/unknown
2026-04-12T16:46:14.719-03:00  INFO 45272 --- [bpmnflow-process-runtime] [           main] o.h.e.t.j.p.i.JtaPlatformInitiator       : HHH000489: No JTA platform available (set 'hibernate.transaction.jta.platform' to enable JTA platform integration)
2026-04-12T16:46:14.720-03:00  INFO 45272 --- [bpmnflow-process-runtime] [           main] j.LocalContainerEntityManagerFactoryBean : Initialized JPA EntityManagerFactory for persistence unit 'default'
2026-04-12T16:46:14.906-03:00  INFO 45272 --- [bpmnflow-process-runtime] [           main] o.b.parser.engine.EngineAdapterFactory   : BpmnFlow — active engine adapter: camunda7
2026-04-12T16:46:15.191-03:00  INFO 45272 --- [bpmnflow-process-runtime] [           main] o.b.r.s.PizzaDeliveryIntegrationTest     : Started PizzaDeliveryIntegrationTest in 1.7 seconds (process running for 47.222)
2026-04-12T16:46:15.205-03:00  INFO 45272 --- [bpmnflow-process-runtime] [           main] o.b.parser.engine.EngineAdapterFactory   : BpmnFlow — active engine adapter: camunda7
2026-04-12T16:46:15.482-03:00  INFO 45272 --- [bpmnflow-process-runtime] [           main] o.b.runtime.service.BpmnDeployService    : Deployed 'PIZZA_DELIVERY' v10 | participants=1 lanes=4 elements=14 flows=16 | stages=4 activities=9 rules=14 issues=0
2026-04-12T16:46:15.507-03:00  INFO 45272 --- [bpmnflow-process-runtime] [           main] o.b.r.service.ProcessInstanceService     : Started instance 5 for version 23 at 'CS-SEL'
2026-04-12T16:46:15.532-03:00  INFO 45272 --- [bpmnflow-process-runtime] [           main] o.b.r.service.ProcessInstanceService     : Instance 5 advanced 'CS-SEL' → 'CS-ORD' (conclusion: 'null')
2026-04-12T16:46:15.565-03:00  INFO 45272 --- [bpmnflow-process-runtime] [           main] o.b.r.service.ProcessInstanceService     : Instance 5 advanced 'CS-ORD' → 'SC-RCV' (conclusion: 'null')
2026-04-12T16:46:15.605-03:00  INFO 45272 --- [bpmnflow-process-runtime] [           main] o.b.r.service.ProcessInstanceService     : Instance 5 advanced 'SC-RCV' → 'CH-BAK' (conclusion: 'ORDER_CONFIRMED')
2026-04-12T16:46:15.634-03:00  INFO 45272 --- [bpmnflow-process-runtime] [           main] o.b.r.service.ProcessInstanceService     : Instance 5 advanced 'CH-BAK' → 'DL-DLV' (conclusion: 'READY_FOR_DELIVERY')
2026-04-12T16:46:15.666-03:00  INFO 45272 --- [bpmnflow-process-runtime] [           main] o.b.r.service.ProcessInstanceService     : Instance 5 advanced 'DL-DLV' → 'CS-EAT' (conclusion: 'ONLY_DELIVERY')
2026-04-12T16:46:15.686-03:00  INFO 45272 --- [bpmnflow-process-runtime] [           main] o.b.r.service.ProcessInstanceService     : Instance 5 completed at step 6
2026-04-12T16:46:15.715-03:00  INFO 45272 --- [bpmnflow-process-runtime] [           main] j.LocalContainerEntityManagerFactoryBean : Closing JPA EntityManagerFactory for persistence unit 'default'
2026-04-12T16:46:15.716-03:00  INFO 45272 --- [bpmnflow-process-runtime] [           main] com.zaxxer.hikari.HikariDataSource       : HikariPool-19 - Shutdown initiated...
2026-04-12T16:46:15.717-03:00  INFO 45272 --- [bpmnflow-process-runtime] [           main] com.zaxxer.hikari.HikariDataSource       : HikariPool-19 - Shutdown completed.
]]></system-out>
  </testcase>
</testsuite>