<?xml version="1.0" encoding="UTF-8"?>
<testsuite xmlns:xsi="http://www.w3.org/2001/XMLSchema-instance" xsi:noNamespaceSchemaLocation="https://maven.apache.org/surefire/maven-surefire-plugin/xsd/surefire-test-report-3.0.xsd" version="3.0" name="org.bpmnflow.runtime.service.BpmnDeployServiceTest" time="28.996" tests="14" errors="0" skipped="0" failures="0">
  <properties>
[...]
</properties>
  <testcase name="deployedVersionStoresBpmnXml" classname="org.bpmnflow.runtime.service.BpmnDeployServiceTest" time="1.207">
    <system-out><![CDATA[16:45:31.369 [main] INFO org.springframework.test.context.support.AnnotationConfigContextLoaderUtils -- Could not detect default configuration classes for test class [org.bpmnflow.runtime.service.BpmnDeployServiceTest]: BpmnDeployServiceTest does not declare any static, non-private, non-final, nested classes annotated with @Configuration.
16:45:31.647 [main] INFO org.springframework.boot.test.context.SpringBootTestContextBootstrapper -- Found @SpringBootConfiguration org.bpmnflow.runtime.ProcessRuntimeApplication for test class org.bpmnflow.runtime.service.BpmnDeployServiceTest

  .   ____          _            __ _ _
 /\\ / ___'_ __ _ _(_)_ __  __ _ \ \ \ \
( ( )\___ | '_ | '_| | '_ \/ _` | \ \ \ \
 \\/  ___)| |_)| | | | | || (_| |  ) ) ) )
  '  |____| .__|_| |_|_| |_\__, | / / / /
 =========|_|==============|___/=/_/_/_/

 :: Spring Boot ::               (v3.5.13)

2026-04-12T16:45:32.668-03:00  INFO 45272 --- [bpmnflow-process-runtime] [           main] o.b.r.service.BpmnDeployServiceTest      : Starting BpmnDeployServiceTest using Java 21.0.10 with PID 45272 (started by jeferson.ferreira in C:\Users\jeferson.ferreira\IdeaProjects\bpmnflow-process-runtime)
2026-04-12T16:45:32.669-03:00  INFO 45272 --- [bpmnflow-process-runtime] [           main] o.b.r.service.BpmnDeployServiceTest      : The following 1 profile is active: "test"
2026-04-12T16:45:34.049-03:00  INFO 45272 --- [bpmnflow-process-runtime] [           main] .s.d.r.c.RepositoryConfigurationDelegate : Bootstrapping Spring Data JPA repositories in DEFAULT mode.
2026-04-12T16:45:34.168-03:00  INFO 45272 --- [bpmnflow-process-runtime] [           main] .s.d.r.c.RepositoryConfigurationDelegate : Finished Spring Data repository scanning in 106 ms. Found 13 JPA repository interfaces.
2026-04-12T16:45:34.826-03:00  INFO 45272 --- [bpmnflow-process-runtime] [           main] com.zaxxer.hikari.HikariDataSource       : HikariPool-1 - Starting...
2026-04-12T16:45:35.555-03:00  INFO 45272 --- [bpmnflow-process-runtime] [           main] com.zaxxer.hikari.pool.HikariPool        : HikariPool-1 - Added connection conn0: url=jdbc:h2:mem:testdb user=SA
2026-04-12T16:45:35.557-03:00  INFO 45272 --- [bpmnflow-process-runtime] [           main] com.zaxxer.hikari.HikariDataSource       : HikariPool-1 - Start completed.
2026-04-12T16:45:35.687-03:00  INFO 45272 --- [bpmnflow-process-runtime] [           main] liquibase.database                       : Set default schema name to PUBLIC
2026-04-12T16:45:36.149-03:00  INFO 45272 --- [bpmnflow-process-runtime] [           main] liquibase.changelog                      : Creating database history table with name: PUBLIC.DATABASECHANGELOG
2026-04-12T16:45:36.291-03:00  INFO 45272 --- [bpmnflow-process-runtime] [           main] liquibase.changelog                      : Reading from PUBLIC.DATABASECHANGELOG
2026-04-12T16:45:36.380-03:00  INFO 45272 --- [bpmnflow-process-runtime] [           main] liquibase.snapshot                       : Creating snapshot
2026-04-12T16:45:36.622-03:00  INFO 45272 --- [bpmnflow-process-runtime] [           main] liquibase.lockservice                    : Successfully acquired change log lock
2026-04-12T16:45:36.623-03:00  INFO 45272 --- [bpmnflow-process-runtime] [           main] liquibase.command                        : Using deploymentId: 6023134792
2026-04-12T16:45:36.627-03:00  INFO 45272 --- [bpmnflow-process-runtime] [           main] liquibase.changelog                      : Reading from PUBLIC.DATABASECHANGELOG
2026-04-12T16:45:36.731-03:00  INFO 45272 --- [bpmnflow-process-runtime] [           main] liquibase.ui                             : Running Changeset: db/changelog/V001__metamodel.yaml::001-create-bpmn-config::jefersonferr
2026-04-12T16:45:36.763-03:00  INFO 45272 --- [bpmnflow-process-runtime] [           main] liquibase.changelog                      : Table bpmn_config created
2026-04-12T16:45:36.770-03:00  INFO 45272 --- [bpmnflow-process-runtime] [           main] liquibase.changelog                      : Unique constraint added to bpmn_config(config_hash)
2026-04-12T16:45:36.770-03:00  INFO 45272 --- [bpmnflow-process-runtime] [           main] liquibase.changelog                      : ChangeSet db/changelog/V001__metamodel.yaml::001-create-bpmn-config::jefersonferr ran successfully in 36ms
2026-04-12T16:45:36.782-03:00  INFO 45272 --- [bpmnflow-process-runtime] [           main] liquibase.ui                             : Running Changeset: db/changelog/V001__metamodel.yaml::002-create-bpmn-config-property::jefersonferr
2026-04-12T16:45:36.805-03:00  INFO 45272 --- [bpmnflow-process-runtime] [           main] liquibase.changelog                      : Table bpmn_config_property created
2026-04-12T16:45:36.807-03:00  INFO 45272 --- [bpmnflow-process-runtime] [           main] liquibase.changelog                      : Unique constraint added to bpmn_config_property(config_id, element_type, property_name)
2026-04-12T16:45:36.810-03:00  INFO 45272 --- [bpmnflow-process-runtime] [           main] liquibase.changelog                      : Index idx_cfg_prop_element created
2026-04-12T16:45:36.810-03:00  INFO 45272 --- [bpmnflow-process-runtime] [           main] liquibase.changelog                      : ChangeSet db/changelog/V001__metamodel.yaml::002-create-bpmn-config-property::jefersonferr ran successfully in 27ms
2026-04-12T16:45:36.814-03:00  INFO 45272 --- [bpmnflow-process-runtime] [           main] liquibase.ui                             : Running Changeset: db/changelog/V002__process_versioning.yaml::003-create-bpmn-process::jefersonferr
2026-04-12T16:45:36.820-03:00  INFO 45272 --- [bpmnflow-process-runtime] [           main] liquibase.changelog                      : Table bpmn_process created
2026-04-12T16:45:36.822-03:00  INFO 45272 --- [bpmnflow-process-runtime] [           main] liquibase.changelog                      : Unique constraint added to bpmn_process(process_key)
2026-04-12T16:45:36.823-03:00  INFO 45272 --- [bpmnflow-process-runtime] [           main] liquibase.changelog                      : ChangeSet db/changelog/V002__process_versioning.yaml::003-create-bpmn-process::jefersonferr ran successfully in 9ms
2026-04-12T16:45:36.830-03:00  INFO 45272 --- [bpmnflow-process-runtime] [           main] liquibase.ui                             : Running Changeset: db/changelog/V002__process_versioning.yaml::004-create-bpmn-process-version::jefersonferr
2026-04-12T16:45:36.846-03:00  INFO 45272 --- [bpmnflow-process-runtime] [           main] liquibase.changelog                      : Table bpmn_process_version created
2026-04-12T16:45:36.848-03:00  INFO 45272 --- [bpmnflow-process-runtime] [           main] liquibase.changelog                      : Unique constraint added to bpmn_process_version(process_id, version_number)
2026-04-12T16:45:36.850-03:00  INFO 45272 --- [bpmnflow-process-runtime] [           main] liquibase.changelog                      : Index idx_proc_ver_status created
2026-04-12T16:45:36.850-03:00  INFO 45272 --- [bpmnflow-process-runtime] [           main] liquibase.changelog                      : ChangeSet db/changelog/V002__process_versioning.yaml::004-create-bpmn-process-version::jefersonferr ran successfully in 19ms
2026-04-12T16:45:36.854-03:00  INFO 45272 --- [bpmnflow-process-runtime] [           main] liquibase.ui                             : Running Changeset: db/changelog/V003__structural_layer.yaml::005-create-bpmn-participant::jefersonferr
2026-04-12T16:45:36.864-03:00  INFO 45272 --- [bpmnflow-process-runtime] [           main] liquibase.changelog                      : Table bpmn_participant created
2026-04-12T16:45:36.865-03:00  INFO 45272 --- [bpmnflow-process-runtime] [           main] liquibase.changelog                      : Unique constraint added to bpmn_participant(version_id, bpmn_id)
2026-04-12T16:45:36.866-03:00  INFO 45272 --- [bpmnflow-process-runtime] [           main] liquibase.changelog                      : ChangeSet db/changelog/V003__structural_layer.yaml::005-create-bpmn-participant::jefersonferr ran successfully in 12ms
2026-04-12T16:45:36.869-03:00  INFO 45272 --- [bpmnflow-process-runtime] [           main] liquibase.ui                             : Running Changeset: db/changelog/V003__structural_layer.yaml::006-create-bpmn-lane::jefersonferr
2026-04-12T16:45:36.880-03:00  INFO 45272 --- [bpmnflow-process-runtime] [           main] liquibase.changelog                      : Table bpmn_lane created
2026-04-12T16:45:36.882-03:00  INFO 45272 --- [bpmnflow-process-runtime] [           main] liquibase.changelog                      : Unique constraint added to bpmn_lane(version_id, bpmn_id)
2026-04-12T16:45:36.882-03:00  INFO 45272 --- [bpmnflow-process-runtime] [           main] liquibase.changelog                      : ChangeSet db/changelog/V003__structural_layer.yaml::006-create-bpmn-lane::jefersonferr ran successfully in 12ms
2026-04-12T16:45:36.887-03:00  INFO 45272 --- [bpmnflow-process-runtime] [           main] liquibase.ui                             : Running Changeset: db/changelog/V003__structural_layer.yaml::007-create-bpmn-element::jefersonferr
2026-04-12T16:45:36.899-03:00  INFO 45272 --- [bpmnflow-process-runtime] [           main] liquibase.changelog                      : Table bpmn_element created
2026-04-12T16:45:36.901-03:00  INFO 45272 --- [bpmnflow-process-runtime] [           main] liquibase.changelog                      : Unique constraint added to bpmn_element(version_id, bpmn_id)
2026-04-12T16:45:36.903-03:00  INFO 45272 --- [bpmnflow-process-runtime] [           main] liquibase.changelog                      : Index idx_elem_type created
2026-04-12T16:45:36.903-03:00  INFO 45272 --- [bpmnflow-process-runtime] [           main] liquibase.changelog                      : ChangeSet db/changelog/V003__structural_layer.yaml::007-create-bpmn-element::jefersonferr ran successfully in 15ms
2026-04-12T16:45:36.908-03:00  INFO 45272 --- [bpmnflow-process-runtime] [           main] liquibase.ui                             : Running Changeset: db/changelog/V003__structural_layer.yaml::008-create-bpmn-sequence-flow::jefersonferr
2026-04-12T16:45:36.918-03:00  INFO 45272 --- [bpmnflow-process-runtime] [           main] liquibase.changelog                      : Table bpmn_sequence_flow created
2026-04-12T16:45:36.920-03:00  INFO 45272 --- [bpmnflow-process-runtime] [           main] liquibase.changelog                      : Unique constraint added to bpmn_sequence_flow(version_id, bpmn_id)
2026-04-12T16:45:36.920-03:00  INFO 45272 --- [bpmnflow-process-runtime] [           main] liquibase.changelog                      : ChangeSet db/changelog/V003__structural_layer.yaml::008-create-bpmn-sequence-flow::jefersonferr ran successfully in 11ms
2026-04-12T16:45:36.929-03:00  INFO 45272 --- [bpmnflow-process-runtime] [           main] liquibase.ui                             : Running Changeset: db/changelog/V003__structural_layer.yaml::009-create-bpmn-extension-property::jefersonferr
2026-04-12T16:45:36.936-03:00  INFO 45272 --- [bpmnflow-process-runtime] [           main] liquibase.changelog                      : Table bpmn_extension_property created
2026-04-12T16:45:36.938-03:00  INFO 45272 --- [bpmnflow-process-runtime] [           main] liquibase.changelog                      : Unique constraint added to bpmn_extension_property(owner_type, owner_id, property_name)
2026-04-12T16:45:36.939-03:00  INFO 45272 --- [bpmnflow-process-runtime] [           main] liquibase.changelog                      : Index idx_ext_prop_lookup created
2026-04-12T16:45:36.940-03:00  INFO 45272 --- [bpmnflow-process-runtime] [           main] liquibase.changelog                      : Index idx_ext_prop_owner created
2026-04-12T16:45:36.941-03:00  INFO 45272 --- [bpmnflow-process-runtime] [           main] liquibase.changelog                      : ChangeSet db/changelog/V003__structural_layer.yaml::009-create-bpmn-extension-property::jefersonferr ran successfully in 12ms
2026-04-12T16:45:36.943-03:00  INFO 45272 --- [bpmnflow-process-runtime] [           main] liquibase.ui                             : Running Changeset: db/changelog/V004__derived_data.yaml::010-create-bpmn-stage::jefersonferr
2026-04-12T16:45:36.948-03:00  INFO 45272 --- [bpmnflow-process-runtime] [           main] liquibase.changelog                      : Table process_stage created
2026-04-12T16:45:36.949-03:00  INFO 45272 --- [bpmnflow-process-runtime] [           main] liquibase.changelog                      : Unique constraint added to process_stage(version_id, code)
2026-04-12T16:45:36.950-03:00  INFO 45272 --- [bpmnflow-process-runtime] [           main] liquibase.changelog                      : ChangeSet db/changelog/V004__derived_data.yaml::010-create-bpmn-stage::jefersonferr ran successfully in 7ms
2026-04-12T16:45:36.954-03:00  INFO 45272 --- [bpmnflow-process-runtime] [           main] liquibase.ui                             : Running Changeset: db/changelog/V004__derived_data.yaml::011-create-bpmn-activity::jefersonferr
2026-04-12T16:45:36.962-03:00  INFO 45272 --- [bpmnflow-process-runtime] [           main] liquibase.changelog                      : Table process_activity created
2026-04-12T16:45:36.963-03:00  INFO 45272 --- [bpmnflow-process-runtime] [           main] liquibase.changelog                      : Unique constraint added to process_activity(version_id, abbreviation)
2026-04-12T16:45:36.964-03:00  INFO 45272 --- [bpmnflow-process-runtime] [           main] liquibase.changelog                      : Index idx_pact_stage created
2026-04-12T16:45:36.964-03:00  INFO 45272 --- [bpmnflow-process-runtime] [           main] liquibase.changelog                      : ChangeSet db/changelog/V004__derived_data.yaml::011-create-bpmn-activity::jefersonferr ran successfully in 10ms
2026-04-12T16:45:36.966-03:00  INFO 45272 --- [bpmnflow-process-runtime] [           main] liquibase.ui                             : Running Changeset: db/changelog/V004__derived_data.yaml::012-create-bpmn-conclusion::jefersonferr
2026-04-12T16:45:36.972-03:00  INFO 45272 --- [bpmnflow-process-runtime] [           main] liquibase.changelog                      : Table process_conclusion created
2026-04-12T16:45:36.973-03:00  INFO 45272 --- [bpmnflow-process-runtime] [           main] liquibase.changelog                      : Unique constraint added to process_conclusion(activity_id, code)
2026-04-12T16:45:36.973-03:00  INFO 45272 --- [bpmnflow-process-runtime] [           main] liquibase.changelog                      : ChangeSet db/changelog/V004__derived_data.yaml::012-create-bpmn-conclusion::jefersonferr ran successfully in 6ms
2026-04-12T16:45:36.977-03:00  INFO 45272 --- [bpmnflow-process-runtime] [           main] liquibase.ui                             : Running Changeset: db/changelog/V004__derived_data.yaml::013-create-bpmn-rule::jefersonferr
2026-04-12T16:45:36.996-03:00  INFO 45272 --- [bpmnflow-process-runtime] [           main] liquibase.changelog                      : Table process_rule created
2026-04-12T16:45:36.997-03:00  INFO 45272 --- [bpmnflow-process-runtime] [           main] liquibase.changelog                      : Index idx_prule_src created
2026-04-12T16:45:36.999-03:00  INFO 45272 --- [bpmnflow-process-runtime] [           main] liquibase.changelog                      : Index idx_prule_concl created
2026-04-12T16:45:37.000-03:00  INFO 45272 --- [bpmnflow-process-runtime] [           main] liquibase.changelog                      : Index idx_prule_status created
2026-04-12T16:45:37.001-03:00  INFO 45272 --- [bpmnflow-process-runtime] [           main] liquibase.changelog                      : Index idx_prule_type created
2026-04-12T16:45:37.001-03:00  INFO 45272 --- [bpmnflow-process-runtime] [           main] liquibase.changelog                      : ChangeSet db/changelog/V004__derived_data.yaml::013-create-bpmn-rule::jefersonferr ran successfully in 24ms
2026-04-12T16:45:37.005-03:00  INFO 45272 --- [bpmnflow-process-runtime] [           main] liquibase.ui                             : Running Changeset: db/changelog/V004__derived_data.yaml::014-create-bpmn-inconsistency::jefersonferr
2026-04-12T16:45:37.013-03:00  INFO 45272 --- [bpmnflow-process-runtime] [           main] liquibase.changelog                      : Table process_inconsistency created
2026-04-12T16:45:37.014-03:00  INFO 45272 --- [bpmnflow-process-runtime] [           main] liquibase.changelog                      : Index idx_pincon_type created
2026-04-12T16:45:37.015-03:00  INFO 45272 --- [bpmnflow-process-runtime] [           main] liquibase.changelog                      : ChangeSet db/changelog/V004__derived_data.yaml::014-create-bpmn-inconsistency::jefersonferr ran successfully in 9ms
2026-04-12T16:45:37.018-03:00  INFO 45272 --- [bpmnflow-process-runtime] [           main] liquibase.ui                             : Running Changeset: db/changelog/V005__runtime.yaml::015-create-wf-process-instance::jefersonferr
2026-04-12T16:45:37.025-03:00  INFO 45272 --- [bpmnflow-process-runtime] [           main] liquibase.changelog                      : Table wf_process_instance created
2026-04-12T16:45:37.026-03:00  INFO 45272 --- [bpmnflow-process-runtime] [           main] liquibase.changelog                      : Index idx_inst_version created
2026-04-12T16:45:37.028-03:00  INFO 45272 --- [bpmnflow-process-runtime] [           main] liquibase.changelog                      : Index idx_inst_ext_id created
2026-04-12T16:45:37.028-03:00  INFO 45272 --- [bpmnflow-process-runtime] [           main] liquibase.changelog                      : ChangeSet db/changelog/V005__runtime.yaml::015-create-wf-process-instance::jefersonferr ran successfully in 9ms
2026-04-12T16:45:37.031-03:00  INFO 45272 --- [bpmnflow-process-runtime] [           main] liquibase.ui                             : Running Changeset: db/changelog/V005__runtime.yaml::016-create-wf-instance-activity::jefersonferr
2026-04-12T16:45:37.041-03:00  INFO 45272 --- [bpmnflow-process-runtime] [           main] liquibase.changelog                      : Table wf_instance_activity created
2026-04-12T16:45:37.042-03:00  INFO 45272 --- [bpmnflow-process-runtime] [           main] liquibase.changelog                      : Index idx_inst_act_inst created
2026-04-12T16:45:37.042-03:00  INFO 45272 --- [bpmnflow-process-runtime] [           main] liquibase.changelog                      : ChangeSet db/changelog/V005__runtime.yaml::016-create-wf-instance-activity::jefersonferr ran successfully in 11ms
2026-04-12T16:45:37.045-03:00  INFO 45272 --- [bpmnflow-process-runtime] [           main] liquibase.ui                             : Running Changeset: db/changelog/V005__runtime.yaml::017-create-wf-instance-variable::jefersonferr
2026-04-12T16:45:37.050-03:00  INFO 45272 --- [bpmnflow-process-runtime] [           main] liquibase.changelog                      : Table wf_instance_variable created
2026-04-12T16:45:37.051-03:00  INFO 45272 --- [bpmnflow-process-runtime] [           main] liquibase.changelog                      : Unique constraint added to wf_instance_variable(instance_id, variable_key)
2026-04-12T16:45:37.052-03:00  INFO 45272 --- [bpmnflow-process-runtime] [           main] liquibase.changelog                      : Index idx_var_inst created
2026-04-12T16:45:37.052-03:00  INFO 45272 --- [bpmnflow-process-runtime] [           main] liquibase.changelog                      : ChangeSet db/changelog/V005__runtime.yaml::017-create-wf-instance-variable::jefersonferr ran successfully in 7ms
2026-04-12T16:45:37.064-03:00  INFO 45272 --- [bpmnflow-process-runtime] [           main] liquibase.util                           : UPDATE SUMMARY
2026-04-12T16:45:37.065-03:00  INFO 45272 --- [bpmnflow-process-runtime] [           main] liquibase.util                           : Run:                         17
2026-04-12T16:45:37.065-03:00  INFO 45272 --- [bpmnflow-process-runtime] [           main] liquibase.util                           : Previously run:               0
2026-04-12T16:45:37.065-03:00  INFO 45272 --- [bpmnflow-process-runtime] [           main] liquibase.util                           : Filtered out:                 0
2026-04-12T16:45:37.065-03:00  INFO 45272 --- [bpmnflow-process-runtime] [           main] liquibase.util                           : -------------------------------
2026-04-12T16:45:37.065-03:00  INFO 45272 --- [bpmnflow-process-runtime] [           main] liquibase.util                           : Total change sets:           17
2026-04-12T16:45:37.066-03:00  INFO 45272 --- [bpmnflow-process-runtime] [           main] liquibase.util                           : Update summary generated
2026-04-12T16:45:37.070-03:00  INFO 45272 --- [bpmnflow-process-runtime] [           main] liquibase.command                        : Update command completed successfully.
2026-04-12T16:45:37.070-03:00  INFO 45272 --- [bpmnflow-process-runtime] [           main] liquibase.ui                             : Liquibase: Update has been successful. Rows affected: 17
2026-04-12T16:45:37.072-03:00  INFO 45272 --- [bpmnflow-process-runtime] [           main] liquibase.lockservice                    : Successfully released change log lock
2026-04-12T16:45:37.073-03:00  INFO 45272 --- [bpmnflow-process-runtime] [           main] liquibase.command                        : Command execution complete
2026-04-12T16:45:38.702-03:00  INFO 45272 --- [bpmnflow-process-runtime] [           main] o.hibernate.jpa.internal.util.LogHelper  : HHH000204: Processing PersistenceUnitInfo [name: default]
2026-04-12T16:45:38.797-03:00  INFO 45272 --- [bpmnflow-process-runtime] [           main] org.hibernate.Version                    : HHH000412: Hibernate ORM core version 6.6.45.Final
2026-04-12T16:45:38.849-03:00  INFO 45272 --- [bpmnflow-process-runtime] [           main] o.h.c.internal.RegionFactoryInitiator    : HHH000026: Second-level cache disabled
2026-04-12T16:45:39.448-03:00  INFO 45272 --- [bpmnflow-process-runtime] [           main] o.s.o.j.p.SpringPersistenceUnitInfo      : No LoadTimeWeaver setup: ignoring JPA class transformer
2026-04-12T16:45:39.545-03:00  WARN 45272 --- [bpmnflow-process-runtime] [           main] org.hibernate.orm.deprecation            : HHH90000025: H2Dialect does not need to be specified explicitly using 'hibernate.dialect' (remove the property setting and it will be selected by default)
2026-04-12T16:45:39.568-03:00  INFO 45272 --- [bpmnflow-process-runtime] [           main] org.hibernate.orm.connections.pooling    : HHH10001005: Database info:
	Database JDBC URL [Connecting through datasource 'HikariDataSource (HikariPool-1)']
	Database driver: undefined/unknown
	Database version: 2.3.232
	Autocommit mode: undefined/unknown
	Isolation level: undefined/unknown
	Minimum pool size: undefined/unknown
	Maximum pool size: undefined/unknown
2026-04-12T16:45:41.730-03:00  INFO 45272 --- [bpmnflow-process-runtime] [           main] o.h.e.t.j.p.i.JtaPlatformInitiator       : HHH000489: No JTA platform available (set 'hibernate.transaction.jta.platform' to enable JTA platform integration)
2026-04-12T16:45:41.734-03:00  INFO 45272 --- [bpmnflow-process-runtime] [           main] j.LocalContainerEntityManagerFactoryBean : Initialized JPA EntityManagerFactory for persistence unit 'default'
2026-04-12T16:45:42.163-03:00  INFO 45272 --- [bpmnflow-process-runtime] [           main] o.s.d.j.r.query.QueryEnhancerFactory     : Hibernate is in classpath; If applicable, HQL parser will be used.
2026-04-12T16:45:43.102-03:00  INFO 45272 --- [bpmnflow-process-runtime] [           main] o.b.parser.engine.EngineAdapterFactory   : BpmnFlow — active engine adapter: camunda7
2026-04-12T16:45:44.402-03:00  INFO 45272 --- [bpmnflow-process-runtime] [           main] o.b.r.service.BpmnDeployServiceTest      : Started BpmnDeployServiceTest in 12.425 seconds (process running for 16.432)
2026-04-12T16:45:45.078-03:00  INFO 45272 --- [bpmnflow-process-runtime] [           main] o.b.parser.engine.EngineAdapterFactory   : BpmnFlow — active engine adapter: camunda7
2026-04-12T16:45:45.611-03:00  INFO 45272 --- [bpmnflow-process-runtime] [           main] o.b.runtime.service.BpmnDeployService    : Deployed 'PIZZA_DELIVERY' v1 | participants=1 lanes=4 elements=14 flows=16 | stages=4 activities=9 rules=14 issues=0
2026-04-12T16:45:45.629-03:00  INFO 45272 --- [bpmnflow-process-runtime] [           main] j.LocalContainerEntityManagerFactoryBean : Closing JPA EntityManagerFactory for persistence unit 'default'
2026-04-12T16:45:45.631-03:00  INFO 45272 --- [bpmnflow-process-runtime] [           main] com.zaxxer.hikari.HikariDataSource       : HikariPool-1 - Shutdown initiated...
2026-04-12T16:45:45.633-03:00  INFO 45272 --- [bpmnflow-process-runtime] [           main] com.zaxxer.hikari.HikariDataSource       : HikariPool-1 - Shutdown completed.
]]></system-out>
    <system-err><![CDATA[Mockito is currently self-attaching to enable the inline-mock-maker. This will no longer work in future releases of the JDK. Please add Mockito as an agent to your build as described in Mockito's documentation: https://javadoc.io/doc/org.mockito/mockito-core/latest/org.mockito/org/mockito/Mockito.html#0.3
WARNING: A Java agent has been loaded dynamically (C:\Users\jeferson.ferreira\.m2\repository\net\bytebuddy\byte-buddy-agent\1.17.8\byte-buddy-agent-1.17.8.jar)
WARNING: If a serviceability tool is in use, please run with -XX:+EnableDynamicAgentLoading to hide this warning
WARNING: If a serviceability tool is not in use, please run with -Djdk.instrument.traceUsage for more information
WARNING: Dynamic loading of agents will be disallowed by default in a future release
]]></system-err>
  </testcase>
  <testcase name="secondDeployCreatesVersion2" classname="org.bpmnflow.runtime.service.BpmnDeployServiceTest" time="0.517">
    <system-out><![CDATA[
  .   ____          _            __ _ _
 /\\ / ___'_ __ _ _(_)_ __  __ _ \ \ \ \
( ( )\___ | '_ | '_| | '_ \/ _` | \ \ \ \
 \\/  ___)| |_)| | | | | || (_| |  ) ) ) )
  '  |____| .__|_| |_|_| |_\__, | / / / /
 =========|_|==============|___/=/_/_/_/

 :: Spring Boot ::               (v3.5.13)

2026-04-12T16:45:45.669-03:00  INFO 45272 --- [bpmnflow-process-runtime] [           main] o.b.r.service.BpmnDeployServiceTest      : Starting BpmnDeployServiceTest using Java 21.0.10 with PID 45272 (started by jeferson.ferreira in C:\Users\jeferson.ferreira\IdeaProjects\bpmnflow-process-runtime)
2026-04-12T16:45:45.670-03:00  INFO 45272 --- [bpmnflow-process-runtime] [           main] o.b.r.service.BpmnDeployServiceTest      : The following 1 profile is active: "test"
2026-04-12T16:45:46.004-03:00  INFO 45272 --- [bpmnflow-process-runtime] [           main] .s.d.r.c.RepositoryConfigurationDelegate : Bootstrapping Spring Data JPA repositories in DEFAULT mode.
2026-04-12T16:45:46.037-03:00  INFO 45272 --- [bpmnflow-process-runtime] [           main] .s.d.r.c.RepositoryConfigurationDelegate : Finished Spring Data repository scanning in 31 ms. Found 13 JPA repository interfaces.
2026-04-12T16:45:46.103-03:00  INFO 45272 --- [bpmnflow-process-runtime] [           main] com.zaxxer.hikari.HikariDataSource       : HikariPool-2 - Starting...
2026-04-12T16:45:46.104-03:00  INFO 45272 --- [bpmnflow-process-runtime] [           main] com.zaxxer.hikari.pool.HikariPool        : HikariPool-2 - Added connection conn10: url=jdbc:h2:mem:testdb user=SA
2026-04-12T16:45:46.104-03:00  INFO 45272 --- [bpmnflow-process-runtime] [           main] com.zaxxer.hikari.HikariDataSource       : HikariPool-2 - Start completed.
2026-04-12T16:45:46.106-03:00  INFO 45272 --- [bpmnflow-process-runtime] [           main] liquibase.database                       : Set default schema name to PUBLIC
2026-04-12T16:45:46.132-03:00  INFO 45272 --- [bpmnflow-process-runtime] [           main] liquibase.changelog                      : Reading from PUBLIC.DATABASECHANGELOG
2026-04-12T16:45:46.193-03:00  INFO 45272 --- [bpmnflow-process-runtime] [           main] liquibase.ui                             : Database is up to date, no changesets to execute
2026-04-12T16:45:46.194-03:00  INFO 45272 --- [bpmnflow-process-runtime] [           main] liquibase.changelog                      : Reading from PUBLIC.DATABASECHANGELOG
2026-04-12T16:45:46.199-03:00  INFO 45272 --- [bpmnflow-process-runtime] [           main] liquibase.util                           : UPDATE SUMMARY
2026-04-12T16:45:46.199-03:00  INFO 45272 --- [bpmnflow-process-runtime] [           main] liquibase.util                           : Run:                          0
2026-04-12T16:45:46.199-03:00  INFO 45272 --- [bpmnflow-process-runtime] [           main] liquibase.util                           : Previously run:              17
2026-04-12T16:45:46.199-03:00  INFO 45272 --- [bpmnflow-process-runtime] [           main] liquibase.util                           : Filtered out:                 0
2026-04-12T16:45:46.199-03:00  INFO 45272 --- [bpmnflow-process-runtime] [           main] liquibase.util                           : -------------------------------
2026-04-12T16:45:46.199-03:00  INFO 45272 --- [bpmnflow-process-runtime] [           main] liquibase.util                           : Total change sets:           17
2026-04-12T16:45:46.199-03:00  INFO 45272 --- [bpmnflow-process-runtime] [           main] liquibase.util                           : Update summary generated
2026-04-12T16:45:46.200-03:00  INFO 45272 --- [bpmnflow-process-runtime] [           main] liquibase.command                        : Command execution complete
2026-04-12T16:45:46.221-03:00  INFO 45272 --- [bpmnflow-process-runtime] [           main] o.hibernate.jpa.internal.util.LogHelper  : HHH000204: Processing PersistenceUnitInfo [name: default]
2026-04-12T16:45:46.224-03:00  INFO 45272 --- [bpmnflow-process-runtime] [           main] o.h.c.internal.RegionFactoryInitiator    : HHH000026: Second-level cache disabled
2026-04-12T16:45:46.236-03:00  INFO 45272 --- [bpmnflow-process-runtime] [           main] o.s.o.j.p.SpringPersistenceUnitInfo      : No LoadTimeWeaver setup: ignoring JPA class transformer
2026-04-12T16:45:46.237-03:00  WARN 45272 --- [bpmnflow-process-runtime] [           main] org.hibernate.orm.deprecation            : HHH90000025: H2Dialect does not need to be specified explicitly using 'hibernate.dialect' (remove the property setting and it will be selected by default)
2026-04-12T16:45:46.238-03:00  INFO 45272 --- [bpmnflow-process-runtime] [           main] org.hibernate.orm.connections.pooling    : HHH10001005: Database info:
	Database JDBC URL [Connecting through datasource 'HikariDataSource (HikariPool-2)']
	Database driver: undefined/unknown
	Database version: 2.3.232
	Autocommit mode: undefined/unknown
	Isolation level: undefined/unknown
	Minimum pool size: undefined/unknown
	Maximum pool size: undefined/unknown
2026-04-12T16:45:46.388-03:00  INFO 45272 --- [bpmnflow-process-runtime] [           main] o.h.e.t.j.p.i.JtaPlatformInitiator       : HHH000489: No JTA platform available (set 'hibernate.transaction.jta.platform' to enable JTA platform integration)
2026-04-12T16:45:46.388-03:00  INFO 45272 --- [bpmnflow-process-runtime] [           main] j.LocalContainerEntityManagerFactoryBean : Initialized JPA EntityManagerFactory for persistence unit 'default'
2026-04-12T16:45:46.507-03:00  INFO 45272 --- [bpmnflow-process-runtime] [           main] o.b.parser.engine.EngineAdapterFactory   : BpmnFlow — active engine adapter: camunda7
2026-04-12T16:45:46.698-03:00  INFO 45272 --- [bpmnflow-process-runtime] [           main] o.b.r.service.BpmnDeployServiceTest      : Started BpmnDeployServiceTest in 1.062 seconds (process running for 18.729)
2026-04-12T16:45:46.712-03:00  INFO 45272 --- [bpmnflow-process-runtime] [           main] o.b.parser.engine.EngineAdapterFactory   : BpmnFlow — active engine adapter: camunda7
2026-04-12T16:45:46.978-03:00  INFO 45272 --- [bpmnflow-process-runtime] [           main] o.b.runtime.service.BpmnDeployService    : Deployed 'VERSION_TEST_148618181761600' v1 | participants=1 lanes=4 elements=14 flows=16 | stages=4 activities=9 rules=14 issues=0
2026-04-12T16:45:46.983-03:00  INFO 45272 --- [bpmnflow-process-runtime] [           main] o.b.parser.engine.EngineAdapterFactory   : BpmnFlow — active engine adapter: camunda7
2026-04-12T16:45:47.164-03:00  INFO 45272 --- [bpmnflow-process-runtime] [           main] o.b.runtime.service.BpmnDeployService    : Deployed 'VERSION_TEST_148618181761600' v2 | participants=1 lanes=4 elements=14 flows=16 | stages=4 activities=9 rules=14 issues=0
2026-04-12T16:45:47.217-03:00  INFO 45272 --- [bpmnflow-process-runtime] [           main] j.LocalContainerEntityManagerFactoryBean : Closing JPA EntityManagerFactory for persistence unit 'default'
2026-04-12T16:45:47.217-03:00  INFO 45272 --- [bpmnflow-process-runtime] [           main] com.zaxxer.hikari.HikariDataSource       : HikariPool-2 - Shutdown initiated...
2026-04-12T16:45:47.218-03:00  INFO 45272 --- [bpmnflow-process-runtime] [           main] com.zaxxer.hikari.HikariDataSource       : HikariPool-2 - Shutdown completed.
]]></system-out>
  </testcase>
  <testcase name="throwsForInvalidBpmnContent" classname="org.bpmnflow.runtime.service.BpmnDeployServiceTest" time="0.029">
    <system-out><![CDATA[
  .   ____          _            __ _ _
 /\\ / ___'_ __ _ _(_)_ __  __ _ \ \ \ \
( ( )\___ | '_ | '_| | '_ \/ _` | \ \ \ \
 \\/  ___)| |_)| | | | | || (_| |  ) ) ) )
  '  |____| .__|_| |_|_| |_\__, | / / / /
 =========|_|==============|___/=/_/_/_/

 :: Spring Boot ::               (v3.5.13)

2026-04-12T16:45:47.254-03:00  INFO 45272 --- [bpmnflow-process-runtime] [           main] o.b.r.service.BpmnDeployServiceTest      : Starting BpmnDeployServiceTest using Java 21.0.10 with PID 45272 (started by jeferson.ferreira in C:\Users\jeferson.ferreira\IdeaProjects\bpmnflow-process-runtime)
2026-04-12T16:45:47.254-03:00  INFO 45272 --- [bpmnflow-process-runtime] [           main] o.b.r.service.BpmnDeployServiceTest      : The following 1 profile is active: "test"
2026-04-12T16:45:47.538-03:00  INFO 45272 --- [bpmnflow-process-runtime] [           main] .s.d.r.c.RepositoryConfigurationDelegate : Bootstrapping Spring Data JPA repositories in DEFAULT mode.
2026-04-12T16:45:47.582-03:00  INFO 45272 --- [bpmnflow-process-runtime] [           main] .s.d.r.c.RepositoryConfigurationDelegate : Finished Spring Data repository scanning in 42 ms. Found 13 JPA repository interfaces.
2026-04-12T16:45:47.647-03:00  INFO 45272 --- [bpmnflow-process-runtime] [           main] com.zaxxer.hikari.HikariDataSource       : HikariPool-3 - Starting...
2026-04-12T16:45:47.648-03:00  INFO 45272 --- [bpmnflow-process-runtime] [           main] com.zaxxer.hikari.pool.HikariPool        : HikariPool-3 - Added connection conn20: url=jdbc:h2:mem:testdb user=SA
2026-04-12T16:45:47.648-03:00  INFO 45272 --- [bpmnflow-process-runtime] [           main] com.zaxxer.hikari.HikariDataSource       : HikariPool-3 - Start completed.
2026-04-12T16:45:47.649-03:00  INFO 45272 --- [bpmnflow-process-runtime] [           main] liquibase.database                       : Set default schema name to PUBLIC
2026-04-12T16:45:47.666-03:00  INFO 45272 --- [bpmnflow-process-runtime] [           main] liquibase.changelog                      : Reading from PUBLIC.DATABASECHANGELOG
2026-04-12T16:45:47.722-03:00  INFO 45272 --- [bpmnflow-process-runtime] [           main] liquibase.ui                             : Database is up to date, no changesets to execute
2026-04-12T16:45:47.724-03:00  INFO 45272 --- [bpmnflow-process-runtime] [           main] liquibase.util                           : UPDATE SUMMARY
2026-04-12T16:45:47.724-03:00  INFO 45272 --- [bpmnflow-process-runtime] [           main] liquibase.util                           : Run:                          0
2026-04-12T16:45:47.724-03:00  INFO 45272 --- [bpmnflow-process-runtime] [           main] liquibase.util                           : Previously run:              17
2026-04-12T16:45:47.724-03:00  INFO 45272 --- [bpmnflow-process-runtime] [           main] liquibase.util                           : Filtered out:                 0
2026-04-12T16:45:47.725-03:00  INFO 45272 --- [bpmnflow-process-runtime] [           main] liquibase.util                           : -------------------------------
2026-04-12T16:45:47.725-03:00  INFO 45272 --- [bpmnflow-process-runtime] [           main] liquibase.util                           : Total change sets:           17
2026-04-12T16:45:47.725-03:00  INFO 45272 --- [bpmnflow-process-runtime] [           main] liquibase.util                           : Update summary generated
2026-04-12T16:45:47.725-03:00  INFO 45272 --- [bpmnflow-process-runtime] [           main] liquibase.command                        : Command execution complete
2026-04-12T16:45:47.743-03:00  INFO 45272 --- [bpmnflow-process-runtime] [           main] o.hibernate.jpa.internal.util.LogHelper  : HHH000204: Processing PersistenceUnitInfo [name: default]
2026-04-12T16:45:47.747-03:00  INFO 45272 --- [bpmnflow-process-runtime] [           main] o.h.c.internal.RegionFactoryInitiator    : HHH000026: Second-level cache disabled
2026-04-12T16:45:47.756-03:00  INFO 45272 --- [bpmnflow-process-runtime] [           main] o.s.o.j.p.SpringPersistenceUnitInfo      : No LoadTimeWeaver setup: ignoring JPA class transformer
2026-04-12T16:45:47.758-03:00  WARN 45272 --- [bpmnflow-process-runtime] [           main] org.hibernate.orm.deprecation            : HHH90000025: H2Dialect does not need to be specified explicitly using 'hibernate.dialect' (remove the property setting and it will be selected by default)
2026-04-12T16:45:47.758-03:00  INFO 45272 --- [bpmnflow-process-runtime] [           main] org.hibernate.orm.connections.pooling    : HHH10001005: Database info:
	Database JDBC URL [Connecting through datasource 'HikariDataSource (HikariPool-3)']
	Database driver: undefined/unknown
	Database version: 2.3.232
	Autocommit mode: undefined/unknown
	Isolation level: undefined/unknown
	Minimum pool size: undefined/unknown
	Maximum pool size: undefined/unknown
2026-04-12T16:45:48.027-03:00  INFO 45272 --- [bpmnflow-process-runtime] [           main] o.h.e.t.j.p.i.JtaPlatformInitiator       : HHH000489: No JTA platform available (set 'hibernate.transaction.jta.platform' to enable JTA platform integration)
2026-04-12T16:45:48.028-03:00  INFO 45272 --- [bpmnflow-process-runtime] [           main] j.LocalContainerEntityManagerFactoryBean : Initialized JPA EntityManagerFactory for persistence unit 'default'
2026-04-12T16:45:48.166-03:00  INFO 45272 --- [bpmnflow-process-runtime] [           main] o.b.parser.engine.EngineAdapterFactory   : BpmnFlow — active engine adapter: camunda7
2026-04-12T16:45:48.330-03:00  INFO 45272 --- [bpmnflow-process-runtime] [           main] o.b.r.service.BpmnDeployServiceTest      : Started BpmnDeployServiceTest in 1.107 seconds (process running for 20.36)
2026-04-12T16:45:48.343-03:00  INFO 45272 --- [bpmnflow-process-runtime] [           main] o.b.parser.engine.EngineAdapterFactory   : BpmnFlow — active engine adapter: camunda7
2026-04-12T16:45:48.359-03:00  INFO 45272 --- [bpmnflow-process-runtime] [           main] j.LocalContainerEntityManagerFactoryBean : Closing JPA EntityManagerFactory for persistence unit 'default'
2026-04-12T16:45:48.359-03:00  INFO 45272 --- [bpmnflow-process-runtime] [           main] com.zaxxer.hikari.HikariDataSource       : HikariPool-3 - Shutdown initiated...
2026-04-12T16:45:48.360-03:00  INFO 45272 --- [bpmnflow-process-runtime] [           main] com.zaxxer.hikari.HikariDataSource       : HikariPool-3 - Shutdown completed.
]]></system-out>
  </testcase>
  <testcase name="deployReportsNoInconsistencies" classname="org.bpmnflow.runtime.service.BpmnDeployServiceTest" time="0.21">
    <system-out><![CDATA[
  .   ____          _            __ _ _
 /\\ / ___'_ __ _ _(_)_ __  __ _ \ \ \ \
( ( )\___ | '_ | '_| | '_ \/ _` | \ \ \ \
 \\/  ___)| |_)| | | | | || (_| |  ) ) ) )
  '  |____| .__|_| |_|_| |_\__, | / / / /
 =========|_|==============|___/=/_/_/_/

 :: Spring Boot ::               (v3.5.13)

2026-04-12T16:45:48.394-03:00  INFO 45272 --- [bpmnflow-process-runtime] [           main] o.b.r.service.BpmnDeployServiceTest      : Starting BpmnDeployServiceTest using Java 21.0.10 with PID 45272 (started by jeferson.ferreira in C:\Users\jeferson.ferreira\IdeaProjects\bpmnflow-process-runtime)
2026-04-12T16:45:48.394-03:00  INFO 45272 --- [bpmnflow-process-runtime] [           main] o.b.r.service.BpmnDeployServiceTest      : The following 1 profile is active: "test"
2026-04-12T16:45:48.640-03:00  INFO 45272 --- [bpmnflow-process-runtime] [           main] .s.d.r.c.RepositoryConfigurationDelegate : Bootstrapping Spring Data JPA repositories in DEFAULT mode.
2026-04-12T16:45:48.678-03:00  INFO 45272 --- [bpmnflow-process-runtime] [           main] .s.d.r.c.RepositoryConfigurationDelegate : Finished Spring Data repository scanning in 36 ms. Found 13 JPA repository interfaces.
2026-04-12T16:45:48.730-03:00  INFO 45272 --- [bpmnflow-process-runtime] [           main] com.zaxxer.hikari.HikariDataSource       : HikariPool-4 - Starting...
2026-04-12T16:45:48.731-03:00  INFO 45272 --- [bpmnflow-process-runtime] [           main] com.zaxxer.hikari.pool.HikariPool        : HikariPool-4 - Added connection conn30: url=jdbc:h2:mem:testdb user=SA
2026-04-12T16:45:48.731-03:00  INFO 45272 --- [bpmnflow-process-runtime] [           main] com.zaxxer.hikari.HikariDataSource       : HikariPool-4 - Start completed.
2026-04-12T16:45:48.732-03:00  INFO 45272 --- [bpmnflow-process-runtime] [           main] liquibase.database                       : Set default schema name to PUBLIC
2026-04-12T16:45:48.747-03:00  INFO 45272 --- [bpmnflow-process-runtime] [           main] liquibase.changelog                      : Reading from PUBLIC.DATABASECHANGELOG
2026-04-12T16:45:48.796-03:00  INFO 45272 --- [bpmnflow-process-runtime] [           main] liquibase.ui                             : Database is up to date, no changesets to execute
2026-04-12T16:45:48.800-03:00  INFO 45272 --- [bpmnflow-process-runtime] [           main] liquibase.util                           : UPDATE SUMMARY
2026-04-12T16:45:48.800-03:00  INFO 45272 --- [bpmnflow-process-runtime] [           main] liquibase.util                           : Run:                          0
2026-04-12T16:45:48.800-03:00  INFO 45272 --- [bpmnflow-process-runtime] [           main] liquibase.util                           : Previously run:              17
2026-04-12T16:45:48.800-03:00  INFO 45272 --- [bpmnflow-process-runtime] [           main] liquibase.util                           : Filtered out:                 0
2026-04-12T16:45:48.800-03:00  INFO 45272 --- [bpmnflow-process-runtime] [           main] liquibase.util                           : -------------------------------
2026-04-12T16:45:48.800-03:00  INFO 45272 --- [bpmnflow-process-runtime] [           main] liquibase.util                           : Total change sets:           17
2026-04-12T16:45:48.800-03:00  INFO 45272 --- [bpmnflow-process-runtime] [           main] liquibase.util                           : Update summary generated
2026-04-12T16:45:48.800-03:00  INFO 45272 --- [bpmnflow-process-runtime] [           main] liquibase.command                        : Command execution complete
2026-04-12T16:45:48.821-03:00  INFO 45272 --- [bpmnflow-process-runtime] [           main] o.hibernate.jpa.internal.util.LogHelper  : HHH000204: Processing PersistenceUnitInfo [name: default]
2026-04-12T16:45:48.825-03:00  INFO 45272 --- [bpmnflow-process-runtime] [           main] o.h.c.internal.RegionFactoryInitiator    : HHH000026: Second-level cache disabled
2026-04-12T16:45:48.840-03:00  INFO 45272 --- [bpmnflow-process-runtime] [           main] o.s.o.j.p.SpringPersistenceUnitInfo      : No LoadTimeWeaver setup: ignoring JPA class transformer
2026-04-12T16:45:48.841-03:00  WARN 45272 --- [bpmnflow-process-runtime] [           main] org.hibernate.orm.deprecation            : HHH90000025: H2Dialect does not need to be specified explicitly using 'hibernate.dialect' (remove the property setting and it will be selected by default)
2026-04-12T16:45:48.842-03:00  INFO 45272 --- [bpmnflow-process-runtime] [           main] org.hibernate.orm.connections.pooling    : HHH10001005: Database info:
	Database JDBC URL [Connecting through datasource 'HikariDataSource (HikariPool-4)']
	Database driver: undefined/unknown
	Database version: 2.3.232
	Autocommit mode: undefined/unknown
	Isolation level: undefined/unknown
	Minimum pool size: undefined/unknown
	Maximum pool size: undefined/unknown
2026-04-12T16:45:48.973-03:00  INFO 45272 --- [bpmnflow-process-runtime] [           main] o.h.e.t.j.p.i.JtaPlatformInitiator       : HHH000489: No JTA platform available (set 'hibernate.transaction.jta.platform' to enable JTA platform integration)
2026-04-12T16:45:48.973-03:00  INFO 45272 --- [bpmnflow-process-runtime] [           main] j.LocalContainerEntityManagerFactoryBean : Initialized JPA EntityManagerFactory for persistence unit 'default'
2026-04-12T16:45:49.068-03:00  INFO 45272 --- [bpmnflow-process-runtime] [           main] o.b.parser.engine.EngineAdapterFactory   : BpmnFlow — active engine adapter: camunda7
2026-04-12T16:45:49.236-03:00  INFO 45272 --- [bpmnflow-process-runtime] [           main] o.b.r.service.BpmnDeployServiceTest      : Started BpmnDeployServiceTest in 0.873 seconds (process running for 21.267)
2026-04-12T16:45:49.245-03:00  INFO 45272 --- [bpmnflow-process-runtime] [           main] o.b.parser.engine.EngineAdapterFactory   : BpmnFlow — active engine adapter: camunda7
2026-04-12T16:45:49.441-03:00  INFO 45272 --- [bpmnflow-process-runtime] [           main] o.b.runtime.service.BpmnDeployService    : Deployed 'PIZZA_DELIVERY' v2 | participants=1 lanes=4 elements=14 flows=16 | stages=4 activities=9 rules=14 issues=0
2026-04-12T16:45:49.447-03:00  INFO 45272 --- [bpmnflow-process-runtime] [           main] j.LocalContainerEntityManagerFactoryBean : Closing JPA EntityManagerFactory for persistence unit 'default'
2026-04-12T16:45:49.448-03:00  INFO 45272 --- [bpmnflow-process-runtime] [           main] com.zaxxer.hikari.HikariDataSource       : HikariPool-4 - Shutdown initiated...
2026-04-12T16:45:49.449-03:00  INFO 45272 --- [bpmnflow-process-runtime] [           main] com.zaxxer.hikari.HikariDataSource       : HikariPool-4 - Shutdown completed.
]]></system-out>
  </testcase>
  <testcase name="identicalConfigIsReused" classname="org.bpmnflow.runtime.service.BpmnDeployServiceTest" time="0.489">
    <system-out><![CDATA[
  .   ____          _            __ _ _
 /\\ / ___'_ __ _ _(_)_ __  __ _ \ \ \ \
( ( )\___ | '_ | '_| | '_ \/ _` | \ \ \ \
 \\/  ___)| |_)| | | | | || (_| |  ) ) ) )
  '  |____| .__|_| |_|_| |_\__, | / / / /
 =========|_|==============|___/=/_/_/_/

 :: Spring Boot ::               (v3.5.13)

2026-04-12T16:45:49.478-03:00  INFO 45272 --- [bpmnflow-process-runtime] [           main] o.b.r.service.BpmnDeployServiceTest      : Starting BpmnDeployServiceTest using Java 21.0.10 with PID 45272 (started by jeferson.ferreira in C:\Users\jeferson.ferreira\IdeaProjects\bpmnflow-process-runtime)
2026-04-12T16:45:49.478-03:00  INFO 45272 --- [bpmnflow-process-runtime] [           main] o.b.r.service.BpmnDeployServiceTest      : The following 1 profile is active: "test"
2026-04-12T16:45:49.741-03:00  INFO 45272 --- [bpmnflow-process-runtime] [           main] .s.d.r.c.RepositoryConfigurationDelegate : Bootstrapping Spring Data JPA repositories in DEFAULT mode.
2026-04-12T16:45:49.773-03:00  INFO 45272 --- [bpmnflow-process-runtime] [           main] .s.d.r.c.RepositoryConfigurationDelegate : Finished Spring Data repository scanning in 31 ms. Found 13 JPA repository interfaces.
2026-04-12T16:45:49.819-03:00  INFO 45272 --- [bpmnflow-process-runtime] [           main] com.zaxxer.hikari.HikariDataSource       : HikariPool-5 - Starting...
2026-04-12T16:45:49.820-03:00  INFO 45272 --- [bpmnflow-process-runtime] [           main] com.zaxxer.hikari.pool.HikariPool        : HikariPool-5 - Added connection conn40: url=jdbc:h2:mem:testdb user=SA
2026-04-12T16:45:49.821-03:00  INFO 45272 --- [bpmnflow-process-runtime] [           main] com.zaxxer.hikari.HikariDataSource       : HikariPool-5 - Start completed.
2026-04-12T16:45:49.822-03:00  INFO 45272 --- [bpmnflow-process-runtime] [           main] liquibase.database                       : Set default schema name to PUBLIC
2026-04-12T16:45:49.839-03:00  INFO 45272 --- [bpmnflow-process-runtime] [           main] liquibase.changelog                      : Reading from PUBLIC.DATABASECHANGELOG
2026-04-12T16:45:49.887-03:00  INFO 45272 --- [bpmnflow-process-runtime] [           main] liquibase.ui                             : Database is up to date, no changesets to execute
2026-04-12T16:45:49.891-03:00  INFO 45272 --- [bpmnflow-process-runtime] [           main] liquibase.util                           : UPDATE SUMMARY
2026-04-12T16:45:49.892-03:00  INFO 45272 --- [bpmnflow-process-runtime] [           main] liquibase.util                           : Run:                          0
2026-04-12T16:45:49.892-03:00  INFO 45272 --- [bpmnflow-process-runtime] [           main] liquibase.util                           : Previously run:              17
2026-04-12T16:45:49.892-03:00  INFO 45272 --- [bpmnflow-process-runtime] [           main] liquibase.util                           : Filtered out:                 0
2026-04-12T16:45:49.892-03:00  INFO 45272 --- [bpmnflow-process-runtime] [           main] liquibase.util                           : -------------------------------
2026-04-12T16:45:49.892-03:00  INFO 45272 --- [bpmnflow-process-runtime] [           main] liquibase.util                           : Total change sets:           17
2026-04-12T16:45:49.892-03:00  INFO 45272 --- [bpmnflow-process-runtime] [           main] liquibase.util                           : Update summary generated
2026-04-12T16:45:49.892-03:00  INFO 45272 --- [bpmnflow-process-runtime] [           main] liquibase.command                        : Command execution complete
2026-04-12T16:45:49.912-03:00  INFO 45272 --- [bpmnflow-process-runtime] [           main] o.hibernate.jpa.internal.util.LogHelper  : HHH000204: Processing PersistenceUnitInfo [name: default]
2026-04-12T16:45:49.915-03:00  INFO 45272 --- [bpmnflow-process-runtime] [           main] o.h.c.internal.RegionFactoryInitiator    : HHH000026: Second-level cache disabled
2026-04-12T16:45:49.926-03:00  INFO 45272 --- [bpmnflow-process-runtime] [           main] o.s.o.j.p.SpringPersistenceUnitInfo      : No LoadTimeWeaver setup: ignoring JPA class transformer
2026-04-12T16:45:49.928-03:00  WARN 45272 --- [bpmnflow-process-runtime] [           main] org.hibernate.orm.deprecation            : HHH90000025: H2Dialect does not need to be specified explicitly using 'hibernate.dialect' (remove the property setting and it will be selected by default)
2026-04-12T16:45:49.928-03:00  INFO 45272 --- [bpmnflow-process-runtime] [           main] org.hibernate.orm.connections.pooling    : HHH10001005: Database info:
	Database JDBC URL [Connecting through datasource 'HikariDataSource (HikariPool-5)']
	Database driver: undefined/unknown
	Database version: 2.3.232
	Autocommit mode: undefined/unknown
	Isolation level: undefined/unknown
	Minimum pool size: undefined/unknown
	Maximum pool size: undefined/unknown
2026-04-12T16:45:50.083-03:00  INFO 45272 --- [bpmnflow-process-runtime] [           main] o.h.e.t.j.p.i.JtaPlatformInitiator       : HHH000489: No JTA platform available (set 'hibernate.transaction.jta.platform' to enable JTA platform integration)
2026-04-12T16:45:50.083-03:00  INFO 45272 --- [bpmnflow-process-runtime] [           main] j.LocalContainerEntityManagerFactoryBean : Initialized JPA EntityManagerFactory for persistence unit 'default'
2026-04-12T16:45:50.194-03:00  INFO 45272 --- [bpmnflow-process-runtime] [           main] o.b.parser.engine.EngineAdapterFactory   : BpmnFlow — active engine adapter: camunda7
2026-04-12T16:45:50.361-03:00  INFO 45272 --- [bpmnflow-process-runtime] [           main] o.b.r.service.BpmnDeployServiceTest      : Started BpmnDeployServiceTest in 0.91 seconds (process running for 22.391)
2026-04-12T16:45:50.369-03:00  INFO 45272 --- [bpmnflow-process-runtime] [           main] o.b.parser.engine.EngineAdapterFactory   : BpmnFlow — active engine adapter: camunda7
2026-04-12T16:45:50.580-03:00  INFO 45272 --- [bpmnflow-process-runtime] [           main] o.b.runtime.service.BpmnDeployService    : Deployed 'CFG_TEST_A_148621840256200' v1 | participants=1 lanes=4 elements=14 flows=16 | stages=4 activities=9 rules=14 issues=0
2026-04-12T16:45:50.584-03:00  INFO 45272 --- [bpmnflow-process-runtime] [           main] o.b.parser.engine.EngineAdapterFactory   : BpmnFlow — active engine adapter: camunda7
2026-04-12T16:45:50.837-03:00  INFO 45272 --- [bpmnflow-process-runtime] [           main] o.b.runtime.service.BpmnDeployService    : Deployed 'CFG_TEST_B_148621840393600' v1 | participants=1 lanes=4 elements=14 flows=16 | stages=4 activities=9 rules=14 issues=0
2026-04-12T16:45:50.848-03:00  INFO 45272 --- [bpmnflow-process-runtime] [           main] j.LocalContainerEntityManagerFactoryBean : Closing JPA EntityManagerFactory for persistence unit 'default'
2026-04-12T16:45:50.849-03:00  INFO 45272 --- [bpmnflow-process-runtime] [           main] com.zaxxer.hikari.HikariDataSource       : HikariPool-5 - Shutdown initiated...
2026-04-12T16:45:50.851-03:00  INFO 45272 --- [bpmnflow-process-runtime] [           main] com.zaxxer.hikari.HikariDataSource       : HikariPool-5 - Shutdown completed.
]]></system-out>
  </testcase>
  <testcase name="secondDeployReusesSameConfigId" classname="org.bpmnflow.runtime.service.BpmnDeployServiceTest" time="0.366">
    <system-out><![CDATA[
  .   ____          _            __ _ _
 /\\ / ___'_ __ _ _(_)_ __  __ _ \ \ \ \
( ( )\___ | '_ | '_| | '_ \/ _` | \ \ \ \
 \\/  ___)| |_)| | | | | || (_| |  ) ) ) )
  '  |____| .__|_| |_|_| |_\__, | / / / /
 =========|_|==============|___/=/_/_/_/

 :: Spring Boot ::               (v3.5.13)

2026-04-12T16:45:50.890-03:00  INFO 45272 --- [bpmnflow-process-runtime] [           main] o.b.r.service.BpmnDeployServiceTest      : Starting BpmnDeployServiceTest using Java 21.0.10 with PID 45272 (started by jeferson.ferreira in C:\Users\jeferson.ferreira\IdeaProjects\bpmnflow-process-runtime)
2026-04-12T16:45:50.890-03:00  INFO 45272 --- [bpmnflow-process-runtime] [           main] o.b.r.service.BpmnDeployServiceTest      : The following 1 profile is active: "test"
2026-04-12T16:45:51.146-03:00  INFO 45272 --- [bpmnflow-process-runtime] [           main] .s.d.r.c.RepositoryConfigurationDelegate : Bootstrapping Spring Data JPA repositories in DEFAULT mode.
2026-04-12T16:45:51.186-03:00  INFO 45272 --- [bpmnflow-process-runtime] [           main] .s.d.r.c.RepositoryConfigurationDelegate : Finished Spring Data repository scanning in 37 ms. Found 13 JPA repository interfaces.
2026-04-12T16:45:51.238-03:00  INFO 45272 --- [bpmnflow-process-runtime] [           main] com.zaxxer.hikari.HikariDataSource       : HikariPool-6 - Starting...
2026-04-12T16:45:51.240-03:00  INFO 45272 --- [bpmnflow-process-runtime] [           main] com.zaxxer.hikari.pool.HikariPool        : HikariPool-6 - Added connection conn50: url=jdbc:h2:mem:testdb user=SA
2026-04-12T16:45:51.240-03:00  INFO 45272 --- [bpmnflow-process-runtime] [           main] com.zaxxer.hikari.HikariDataSource       : HikariPool-6 - Start completed.
2026-04-12T16:45:51.241-03:00  INFO 45272 --- [bpmnflow-process-runtime] [           main] liquibase.database                       : Set default schema name to PUBLIC
2026-04-12T16:45:51.259-03:00  INFO 45272 --- [bpmnflow-process-runtime] [           main] liquibase.changelog                      : Reading from PUBLIC.DATABASECHANGELOG
2026-04-12T16:45:51.311-03:00  INFO 45272 --- [bpmnflow-process-runtime] [           main] liquibase.ui                             : Database is up to date, no changesets to execute
2026-04-12T16:45:51.316-03:00  INFO 45272 --- [bpmnflow-process-runtime] [           main] liquibase.util                           : UPDATE SUMMARY
2026-04-12T16:45:51.316-03:00  INFO 45272 --- [bpmnflow-process-runtime] [           main] liquibase.util                           : Run:                          0
2026-04-12T16:45:51.316-03:00  INFO 45272 --- [bpmnflow-process-runtime] [           main] liquibase.util                           : Previously run:              17
2026-04-12T16:45:51.316-03:00  INFO 45272 --- [bpmnflow-process-runtime] [           main] liquibase.util                           : Filtered out:                 0
2026-04-12T16:45:51.316-03:00  INFO 45272 --- [bpmnflow-process-runtime] [           main] liquibase.util                           : -------------------------------
2026-04-12T16:45:51.316-03:00  INFO 45272 --- [bpmnflow-process-runtime] [           main] liquibase.util                           : Total change sets:           17
2026-04-12T16:45:51.316-03:00  INFO 45272 --- [bpmnflow-process-runtime] [           main] liquibase.util                           : Update summary generated
2026-04-12T16:45:51.316-03:00  INFO 45272 --- [bpmnflow-process-runtime] [           main] liquibase.command                        : Command execution complete
2026-04-12T16:45:51.335-03:00  INFO 45272 --- [bpmnflow-process-runtime] [           main] o.hibernate.jpa.internal.util.LogHelper  : HHH000204: Processing PersistenceUnitInfo [name: default]
2026-04-12T16:45:51.338-03:00  INFO 45272 --- [bpmnflow-process-runtime] [           main] o.h.c.internal.RegionFactoryInitiator    : HHH000026: Second-level cache disabled
2026-04-12T16:45:51.351-03:00  INFO 45272 --- [bpmnflow-process-runtime] [           main] o.s.o.j.p.SpringPersistenceUnitInfo      : No LoadTimeWeaver setup: ignoring JPA class transformer
2026-04-12T16:45:51.353-03:00  WARN 45272 --- [bpmnflow-process-runtime] [           main] org.hibernate.orm.deprecation            : HHH90000025: H2Dialect does not need to be specified explicitly using 'hibernate.dialect' (remove the property setting and it will be selected by default)
2026-04-12T16:45:51.353-03:00  INFO 45272 --- [bpmnflow-process-runtime] [           main] org.hibernate.orm.connections.pooling    : HHH10001005: Database info:
	Database JDBC URL [Connecting through datasource 'HikariDataSource (HikariPool-6)']
	Database driver: undefined/unknown
	Database version: 2.3.232
	Autocommit mode: undefined/unknown
	Isolation level: undefined/unknown
	Minimum pool size: undefined/unknown
	Maximum pool size: undefined/unknown
2026-04-12T16:45:51.506-03:00  INFO 45272 --- [bpmnflow-process-runtime] [           main] o.h.e.t.j.p.i.JtaPlatformInitiator       : HHH000489: No JTA platform available (set 'hibernate.transaction.jta.platform' to enable JTA platform integration)
2026-04-12T16:45:51.507-03:00  INFO 45272 --- [bpmnflow-process-runtime] [           main] j.LocalContainerEntityManagerFactoryBean : Initialized JPA EntityManagerFactory for persistence unit 'default'
2026-04-12T16:45:51.617-03:00  INFO 45272 --- [bpmnflow-process-runtime] [           main] o.b.parser.engine.EngineAdapterFactory   : BpmnFlow — active engine adapter: camunda7
2026-04-12T16:45:51.799-03:00  INFO 45272 --- [bpmnflow-process-runtime] [           main] o.b.r.service.BpmnDeployServiceTest      : Started BpmnDeployServiceTest in 0.943 seconds (process running for 23.83)
2026-04-12T16:45:51.808-03:00  INFO 45272 --- [bpmnflow-process-runtime] [           main] o.b.parser.engine.EngineAdapterFactory   : BpmnFlow — active engine adapter: camunda7
2026-04-12T16:45:52.000-03:00  INFO 45272 --- [bpmnflow-process-runtime] [           main] o.b.runtime.service.BpmnDeployService    : Deployed 'CFG_REUSE_148623279530200' v1 | participants=1 lanes=4 elements=14 flows=16 | stages=4 activities=9 rules=14 issues=0
2026-04-12T16:45:52.002-03:00  INFO 45272 --- [bpmnflow-process-runtime] [           main] o.b.parser.engine.EngineAdapterFactory   : BpmnFlow — active engine adapter: camunda7
2026-04-12T16:45:52.160-03:00  INFO 45272 --- [bpmnflow-process-runtime] [           main] o.b.runtime.service.BpmnDeployService    : Deployed 'CFG_REUSE_148623279530200' v2 | participants=1 lanes=4 elements=14 flows=16 | stages=4 activities=9 rules=14 issues=0
2026-04-12T16:45:52.165-03:00  INFO 45272 --- [bpmnflow-process-runtime] [           main] j.LocalContainerEntityManagerFactoryBean : Closing JPA EntityManagerFactory for persistence unit 'default'
2026-04-12T16:45:52.165-03:00  INFO 45272 --- [bpmnflow-process-runtime] [           main] com.zaxxer.hikari.HikariDataSource       : HikariPool-6 - Shutdown initiated...
2026-04-12T16:45:52.166-03:00  INFO 45272 --- [bpmnflow-process-runtime] [           main] com.zaxxer.hikari.HikariDataSource       : HikariPool-6 - Shutdown completed.
]]></system-out>
  </testcase>
  <testcase name="thirdDeployCreatesVersion3" classname="org.bpmnflow.runtime.service.BpmnDeployServiceTest" time="0.506">
    <system-out><![CDATA[
  .   ____          _            __ _ _
 /\\ / ___'_ __ _ _(_)_ __  __ _ \ \ \ \
( ( )\___ | '_ | '_| | '_ \/ _` | \ \ \ \
 \\/  ___)| |_)| | | | | || (_| |  ) ) ) )
  '  |____| .__|_| |_|_| |_\__, | / / / /
 =========|_|==============|___/=/_/_/_/

 :: Spring Boot ::               (v3.5.13)

2026-04-12T16:45:52.195-03:00  INFO 45272 --- [bpmnflow-process-runtime] [           main] o.b.r.service.BpmnDeployServiceTest      : Starting BpmnDeployServiceTest using Java 21.0.10 with PID 45272 (started by jeferson.ferreira in C:\Users\jeferson.ferreira\IdeaProjects\bpmnflow-process-runtime)
2026-04-12T16:45:52.196-03:00  INFO 45272 --- [bpmnflow-process-runtime] [           main] o.b.r.service.BpmnDeployServiceTest      : The following 1 profile is active: "test"
2026-04-12T16:45:52.445-03:00  INFO 45272 --- [bpmnflow-process-runtime] [           main] .s.d.r.c.RepositoryConfigurationDelegate : Bootstrapping Spring Data JPA repositories in DEFAULT mode.
2026-04-12T16:45:52.481-03:00  INFO 45272 --- [bpmnflow-process-runtime] [           main] .s.d.r.c.RepositoryConfigurationDelegate : Finished Spring Data repository scanning in 34 ms. Found 13 JPA repository interfaces.
2026-04-12T16:45:52.546-03:00  INFO 45272 --- [bpmnflow-process-runtime] [           main] com.zaxxer.hikari.HikariDataSource       : HikariPool-7 - Starting...
2026-04-12T16:45:52.547-03:00  INFO 45272 --- [bpmnflow-process-runtime] [           main] com.zaxxer.hikari.pool.HikariPool        : HikariPool-7 - Added connection conn60: url=jdbc:h2:mem:testdb user=SA
2026-04-12T16:45:52.547-03:00  INFO 45272 --- [bpmnflow-process-runtime] [           main] com.zaxxer.hikari.HikariDataSource       : HikariPool-7 - Start completed.
2026-04-12T16:45:52.549-03:00  INFO 45272 --- [bpmnflow-process-runtime] [           main] liquibase.database                       : Set default schema name to PUBLIC
2026-04-12T16:45:52.569-03:00  INFO 45272 --- [bpmnflow-process-runtime] [           main] liquibase.changelog                      : Reading from PUBLIC.DATABASECHANGELOG
2026-04-12T16:45:52.615-03:00  INFO 45272 --- [bpmnflow-process-runtime] [           main] liquibase.ui                             : Database is up to date, no changesets to execute
2026-04-12T16:45:52.618-03:00  INFO 45272 --- [bpmnflow-process-runtime] [           main] liquibase.util                           : UPDATE SUMMARY
2026-04-12T16:45:52.618-03:00  INFO 45272 --- [bpmnflow-process-runtime] [           main] liquibase.util                           : Run:                          0
2026-04-12T16:45:52.618-03:00  INFO 45272 --- [bpmnflow-process-runtime] [           main] liquibase.util                           : Previously run:              17
2026-04-12T16:45:52.618-03:00  INFO 45272 --- [bpmnflow-process-runtime] [           main] liquibase.util                           : Filtered out:                 0
2026-04-12T16:45:52.618-03:00  INFO 45272 --- [bpmnflow-process-runtime] [           main] liquibase.util                           : -------------------------------
2026-04-12T16:45:52.618-03:00  INFO 45272 --- [bpmnflow-process-runtime] [           main] liquibase.util                           : Total change sets:           17
2026-04-12T16:45:52.618-03:00  INFO 45272 --- [bpmnflow-process-runtime] [           main] liquibase.util                           : Update summary generated
2026-04-12T16:45:52.619-03:00  INFO 45272 --- [bpmnflow-process-runtime] [           main] liquibase.command                        : Command execution complete
2026-04-12T16:45:52.637-03:00  INFO 45272 --- [bpmnflow-process-runtime] [           main] o.hibernate.jpa.internal.util.LogHelper  : HHH000204: Processing PersistenceUnitInfo [name: default]
2026-04-12T16:45:52.641-03:00  INFO 45272 --- [bpmnflow-process-runtime] [           main] o.h.c.internal.RegionFactoryInitiator    : HHH000026: Second-level cache disabled
2026-04-12T16:45:52.654-03:00  INFO 45272 --- [bpmnflow-process-runtime] [           main] o.s.o.j.p.SpringPersistenceUnitInfo      : No LoadTimeWeaver setup: ignoring JPA class transformer
2026-04-12T16:45:52.656-03:00  WARN 45272 --- [bpmnflow-process-runtime] [           main] org.hibernate.orm.deprecation            : HHH90000025: H2Dialect does not need to be specified explicitly using 'hibernate.dialect' (remove the property setting and it will be selected by default)
2026-04-12T16:45:52.656-03:00  INFO 45272 --- [bpmnflow-process-runtime] [           main] org.hibernate.orm.connections.pooling    : HHH10001005: Database info:
	Database JDBC URL [Connecting through datasource 'HikariDataSource (HikariPool-7)']
	Database driver: undefined/unknown
	Database version: 2.3.232
	Autocommit mode: undefined/unknown
	Isolation level: undefined/unknown
	Minimum pool size: undefined/unknown
	Maximum pool size: undefined/unknown
2026-04-12T16:45:52.782-03:00  INFO 45272 --- [bpmnflow-process-runtime] [           main] o.h.e.t.j.p.i.JtaPlatformInitiator       : HHH000489: No JTA platform available (set 'hibernate.transaction.jta.platform' to enable JTA platform integration)
2026-04-12T16:45:52.783-03:00  INFO 45272 --- [bpmnflow-process-runtime] [           main] j.LocalContainerEntityManagerFactoryBean : Initialized JPA EntityManagerFactory for persistence unit 'default'
2026-04-12T16:45:52.863-03:00  INFO 45272 --- [bpmnflow-process-runtime] [           main] o.b.parser.engine.EngineAdapterFactory   : BpmnFlow — active engine adapter: camunda7
2026-04-12T16:45:53.022-03:00  INFO 45272 --- [bpmnflow-process-runtime] [           main] o.b.r.service.BpmnDeployServiceTest      : Started BpmnDeployServiceTest in 0.854 seconds (process running for 25.052)
2026-04-12T16:45:53.033-03:00  INFO 45272 --- [bpmnflow-process-runtime] [           main] o.b.parser.engine.EngineAdapterFactory   : BpmnFlow — active engine adapter: camunda7
2026-04-12T16:45:53.196-03:00  INFO 45272 --- [bpmnflow-process-runtime] [           main] o.b.runtime.service.BpmnDeployService    : Deployed 'VERSION_TEST3_148624504376000' v1 | participants=1 lanes=4 elements=14 flows=16 | stages=4 activities=9 rules=14 issues=0
2026-04-12T16:45:53.198-03:00  INFO 45272 --- [bpmnflow-process-runtime] [           main] o.b.parser.engine.EngineAdapterFactory   : BpmnFlow — active engine adapter: camunda7
2026-04-12T16:45:53.360-03:00  INFO 45272 --- [bpmnflow-process-runtime] [           main] o.b.runtime.service.BpmnDeployService    : Deployed 'VERSION_TEST3_148624504376000' v2 | participants=1 lanes=4 elements=14 flows=16 | stages=4 activities=9 rules=14 issues=0
2026-04-12T16:45:53.363-03:00  INFO 45272 --- [bpmnflow-process-runtime] [           main] o.b.parser.engine.EngineAdapterFactory   : BpmnFlow — active engine adapter: camunda7
2026-04-12T16:45:53.521-03:00  INFO 45272 --- [bpmnflow-process-runtime] [           main] o.b.runtime.service.BpmnDeployService    : Deployed 'VERSION_TEST3_148624504376000' v3 | participants=1 lanes=4 elements=14 flows=16 | stages=4 activities=9 rules=14 issues=0
2026-04-12T16:45:53.528-03:00  INFO 45272 --- [bpmnflow-process-runtime] [           main] j.LocalContainerEntityManagerFactoryBean : Closing JPA EntityManagerFactory for persistence unit 'default'
2026-04-12T16:45:53.528-03:00  INFO 45272 --- [bpmnflow-process-runtime] [           main] com.zaxxer.hikari.HikariDataSource       : HikariPool-7 - Shutdown initiated...
2026-04-12T16:45:53.530-03:00  INFO 45272 --- [bpmnflow-process-runtime] [           main] com.zaxxer.hikari.HikariDataSource       : HikariPool-7 - Shutdown completed.
]]></system-out>
  </testcase>
  <testcase name="throwsForInvalidConfigContent" classname="org.bpmnflow.runtime.service.BpmnDeployServiceTest" time="0.015">
    <system-out><![CDATA[
  .   ____          _            __ _ _
 /\\ / ___'_ __ _ _(_)_ __  __ _ \ \ \ \
( ( )\___ | '_ | '_| | '_ \/ _` | \ \ \ \
 \\/  ___)| |_)| | | | | || (_| |  ) ) ) )
  '  |____| .__|_| |_|_| |_\__, | / / / /
 =========|_|==============|___/=/_/_/_/

 :: Spring Boot ::               (v3.5.13)

2026-04-12T16:45:53.559-03:00  INFO 45272 --- [bpmnflow-process-runtime] [           main] o.b.r.service.BpmnDeployServiceTest      : Starting BpmnDeployServiceTest using Java 21.0.10 with PID 45272 (started by jeferson.ferreira in C:\Users\jeferson.ferreira\IdeaProjects\bpmnflow-process-runtime)
2026-04-12T16:45:53.559-03:00  INFO 45272 --- [bpmnflow-process-runtime] [           main] o.b.r.service.BpmnDeployServiceTest      : The following 1 profile is active: "test"
2026-04-12T16:45:53.828-03:00  INFO 45272 --- [bpmnflow-process-runtime] [           main] .s.d.r.c.RepositoryConfigurationDelegate : Bootstrapping Spring Data JPA repositories in DEFAULT mode.
2026-04-12T16:45:53.870-03:00  INFO 45272 --- [bpmnflow-process-runtime] [           main] .s.d.r.c.RepositoryConfigurationDelegate : Finished Spring Data repository scanning in 40 ms. Found 13 JPA repository interfaces.
2026-04-12T16:45:53.927-03:00  INFO 45272 --- [bpmnflow-process-runtime] [           main] com.zaxxer.hikari.HikariDataSource       : HikariPool-8 - Starting...
2026-04-12T16:45:53.929-03:00  INFO 45272 --- [bpmnflow-process-runtime] [           main] com.zaxxer.hikari.pool.HikariPool        : HikariPool-8 - Added connection conn70: url=jdbc:h2:mem:testdb user=SA
2026-04-12T16:45:53.929-03:00  INFO 45272 --- [bpmnflow-process-runtime] [           main] com.zaxxer.hikari.HikariDataSource       : HikariPool-8 - Start completed.
2026-04-12T16:45:53.930-03:00  INFO 45272 --- [bpmnflow-process-runtime] [           main] liquibase.database                       : Set default schema name to PUBLIC
2026-04-12T16:45:53.950-03:00  INFO 45272 --- [bpmnflow-process-runtime] [           main] liquibase.changelog                      : Reading from PUBLIC.DATABASECHANGELOG
2026-04-12T16:45:53.998-03:00  INFO 45272 --- [bpmnflow-process-runtime] [           main] liquibase.ui                             : Database is up to date, no changesets to execute
2026-04-12T16:45:54.001-03:00  INFO 45272 --- [bpmnflow-process-runtime] [           main] liquibase.util                           : UPDATE SUMMARY
2026-04-12T16:45:54.001-03:00  INFO 45272 --- [bpmnflow-process-runtime] [           main] liquibase.util                           : Run:                          0
2026-04-12T16:45:54.002-03:00  INFO 45272 --- [bpmnflow-process-runtime] [           main] liquibase.util                           : Previously run:              17
2026-04-12T16:45:54.002-03:00  INFO 45272 --- [bpmnflow-process-runtime] [           main] liquibase.util                           : Filtered out:                 0
2026-04-12T16:45:54.002-03:00  INFO 45272 --- [bpmnflow-process-runtime] [           main] liquibase.util                           : -------------------------------
2026-04-12T16:45:54.002-03:00  INFO 45272 --- [bpmnflow-process-runtime] [           main] liquibase.util                           : Total change sets:           17
2026-04-12T16:45:54.002-03:00  INFO 45272 --- [bpmnflow-process-runtime] [           main] liquibase.util                           : Update summary generated
2026-04-12T16:45:54.002-03:00  INFO 45272 --- [bpmnflow-process-runtime] [           main] liquibase.command                        : Command execution complete
2026-04-12T16:45:54.020-03:00  INFO 45272 --- [bpmnflow-process-runtime] [           main] o.hibernate.jpa.internal.util.LogHelper  : HHH000204: Processing PersistenceUnitInfo [name: default]
2026-04-12T16:45:54.023-03:00  INFO 45272 --- [bpmnflow-process-runtime] [           main] o.h.c.internal.RegionFactoryInitiator    : HHH000026: Second-level cache disabled
2026-04-12T16:45:54.034-03:00  INFO 45272 --- [bpmnflow-process-runtime] [           main] o.s.o.j.p.SpringPersistenceUnitInfo      : No LoadTimeWeaver setup: ignoring JPA class transformer
2026-04-12T16:45:54.036-03:00  WARN 45272 --- [bpmnflow-process-runtime] [           main] org.hibernate.orm.deprecation            : HHH90000025: H2Dialect does not need to be specified explicitly using 'hibernate.dialect' (remove the property setting and it will be selected by default)
2026-04-12T16:45:54.036-03:00  INFO 45272 --- [bpmnflow-process-runtime] [           main] org.hibernate.orm.connections.pooling    : HHH10001005: Database info:
	Database JDBC URL [Connecting through datasource 'HikariDataSource (HikariPool-8)']
	Database driver: undefined/unknown
	Database version: 2.3.232
	Autocommit mode: undefined/unknown
	Isolation level: undefined/unknown
	Minimum pool size: undefined/unknown
	Maximum pool size: undefined/unknown
2026-04-12T16:45:54.165-03:00  INFO 45272 --- [bpmnflow-process-runtime] [           main] o.h.e.t.j.p.i.JtaPlatformInitiator       : HHH000489: No JTA platform available (set 'hibernate.transaction.jta.platform' to enable JTA platform integration)
2026-04-12T16:45:54.165-03:00  INFO 45272 --- [bpmnflow-process-runtime] [           main] j.LocalContainerEntityManagerFactoryBean : Initialized JPA EntityManagerFactory for persistence unit 'default'
2026-04-12T16:45:54.278-03:00  INFO 45272 --- [bpmnflow-process-runtime] [           main] o.b.parser.engine.EngineAdapterFactory   : BpmnFlow — active engine adapter: camunda7
2026-04-12T16:45:54.420-03:00  INFO 45272 --- [bpmnflow-process-runtime] [           main] o.b.r.service.BpmnDeployServiceTest      : Started BpmnDeployServiceTest in 0.887 seconds (process running for 26.45)
2026-04-12T16:45:54.433-03:00  INFO 45272 --- [bpmnflow-process-runtime] [           main] j.LocalContainerEntityManagerFactoryBean : Closing JPA EntityManagerFactory for persistence unit 'default'
2026-04-12T16:45:54.434-03:00  INFO 45272 --- [bpmnflow-process-runtime] [           main] com.zaxxer.hikari.HikariDataSource       : HikariPool-8 - Shutdown initiated...
2026-04-12T16:45:54.435-03:00  INFO 45272 --- [bpmnflow-process-runtime] [           main] com.zaxxer.hikari.HikariDataSource       : HikariPool-8 - Shutdown completed.
]]></system-out>
  </testcase>
  <testcase name="deployWithExplicitKey" classname="org.bpmnflow.runtime.service.BpmnDeployServiceTest" time="0.186">
    <system-out><![CDATA[
  .   ____          _            __ _ _
 /\\ / ___'_ __ _ _(_)_ __  __ _ \ \ \ \
( ( )\___ | '_ | '_| | '_ \/ _` | \ \ \ \
 \\/  ___)| |_)| | | | | || (_| |  ) ) ) )
  '  |____| .__|_| |_|_| |_\__, | / / / /
 =========|_|==============|___/=/_/_/_/

 :: Spring Boot ::               (v3.5.13)

2026-04-12T16:45:54.467-03:00  INFO 45272 --- [bpmnflow-process-runtime] [           main] o.b.r.service.BpmnDeployServiceTest      : Starting BpmnDeployServiceTest using Java 21.0.10 with PID 45272 (started by jeferson.ferreira in C:\Users\jeferson.ferreira\IdeaProjects\bpmnflow-process-runtime)
2026-04-12T16:45:54.467-03:00  INFO 45272 --- [bpmnflow-process-runtime] [           main] o.b.r.service.BpmnDeployServiceTest      : The following 1 profile is active: "test"
2026-04-12T16:45:54.707-03:00  INFO 45272 --- [bpmnflow-process-runtime] [           main] .s.d.r.c.RepositoryConfigurationDelegate : Bootstrapping Spring Data JPA repositories in DEFAULT mode.
2026-04-12T16:45:54.741-03:00  INFO 45272 --- [bpmnflow-process-runtime] [           main] .s.d.r.c.RepositoryConfigurationDelegate : Finished Spring Data repository scanning in 33 ms. Found 13 JPA repository interfaces.
2026-04-12T16:45:54.795-03:00  INFO 45272 --- [bpmnflow-process-runtime] [           main] com.zaxxer.hikari.HikariDataSource       : HikariPool-9 - Starting...
2026-04-12T16:45:54.797-03:00  INFO 45272 --- [bpmnflow-process-runtime] [           main] com.zaxxer.hikari.pool.HikariPool        : HikariPool-9 - Added connection conn80: url=jdbc:h2:mem:testdb user=SA
2026-04-12T16:45:54.797-03:00  INFO 45272 --- [bpmnflow-process-runtime] [           main] com.zaxxer.hikari.HikariDataSource       : HikariPool-9 - Start completed.
2026-04-12T16:45:54.798-03:00  INFO 45272 --- [bpmnflow-process-runtime] [           main] liquibase.database                       : Set default schema name to PUBLIC
2026-04-12T16:45:54.815-03:00  INFO 45272 --- [bpmnflow-process-runtime] [           main] liquibase.changelog                      : Reading from PUBLIC.DATABASECHANGELOG
2026-04-12T16:45:54.862-03:00  INFO 45272 --- [bpmnflow-process-runtime] [           main] liquibase.ui                             : Database is up to date, no changesets to execute
2026-04-12T16:45:54.865-03:00  INFO 45272 --- [bpmnflow-process-runtime] [           main] liquibase.util                           : UPDATE SUMMARY
2026-04-12T16:45:54.865-03:00  INFO 45272 --- [bpmnflow-process-runtime] [           main] liquibase.util                           : Run:                          0
2026-04-12T16:45:54.865-03:00  INFO 45272 --- [bpmnflow-process-runtime] [           main] liquibase.util                           : Previously run:              17
2026-04-12T16:45:54.865-03:00  INFO 45272 --- [bpmnflow-process-runtime] [           main] liquibase.util                           : Filtered out:                 0
2026-04-12T16:45:54.865-03:00  INFO 45272 --- [bpmnflow-process-runtime] [           main] liquibase.util                           : -------------------------------
2026-04-12T16:45:54.865-03:00  INFO 45272 --- [bpmnflow-process-runtime] [           main] liquibase.util                           : Total change sets:           17
2026-04-12T16:45:54.865-03:00  INFO 45272 --- [bpmnflow-process-runtime] [           main] liquibase.util                           : Update summary generated
2026-04-12T16:45:54.866-03:00  INFO 45272 --- [bpmnflow-process-runtime] [           main] liquibase.command                        : Command execution complete
2026-04-12T16:45:54.892-03:00  INFO 45272 --- [bpmnflow-process-runtime] [           main] o.hibernate.jpa.internal.util.LogHelper  : HHH000204: Processing PersistenceUnitInfo [name: default]
2026-04-12T16:45:54.896-03:00  INFO 45272 --- [bpmnflow-process-runtime] [           main] o.h.c.internal.RegionFactoryInitiator    : HHH000026: Second-level cache disabled
[...]
2026-04-12T16:45:57.547-03:00  INFO 45272 --- [bpmnflow-process-runtime] [           main] o.b.r.service.BpmnDeployServiceTest      : The following 1 profile is active: "test"
2026-04-12T16:45:57.761-03:00  INFO 45272 --- [bpmnflow-process-runtime] [           main] .s.d.r.c.RepositoryConfigurationDelegate : Bootstrapping Spring Data JPA repositories in DEFAULT mode.
2026-04-12T16:45:57.788-03:00  INFO 45272 --- [bpmnflow-process-runtime] [           main] .s.d.r.c.RepositoryConfigurationDelegate : Finished Spring Data repository scanning in 26 ms. Found 13 JPA repository interfaces.
2026-04-12T16:45:57.834-03:00  INFO 45272 --- [bpmnflow-process-runtime] [           main] com.zaxxer.hikari.HikariDataSource       : HikariPool-12 - Starting...
2026-04-12T16:45:57.835-03:00  INFO 45272 --- [bpmnflow-process-runtime] [           main] com.zaxxer.hikari.pool.HikariPool        : HikariPool-12 - Added connection conn110: url=jdbc:h2:mem:testdb user=SA
2026-04-12T16:45:57.835-03:00  INFO 45272 --- [bpmnflow-process-runtime] [           main] com.zaxxer.hikari.HikariDataSource       : HikariPool-12 - Start completed.
2026-04-12T16:45:57.836-03:00  INFO 45272 --- [bpmnflow-process-runtime] [           main] liquibase.database                       : Set default schema name to PUBLIC
2026-04-12T16:45:57.853-03:00  INFO 45272 --- [bpmnflow-process-runtime] [           main] liquibase.changelog                      : Reading from PUBLIC.DATABASECHANGELOG
2026-04-12T16:45:57.891-03:00  INFO 45272 --- [bpmnflow-process-runtime] [           main] liquibase.ui                             : Database is up to date, no changesets to execute
2026-04-12T16:45:57.893-03:00  INFO 45272 --- [bpmnflow-process-runtime] [           main] liquibase.util                           : UPDATE SUMMARY
2026-04-12T16:45:57.894-03:00  INFO 45272 --- [bpmnflow-process-runtime] [           main] liquibase.util                           : Run:                          0
2026-04-12T16:45:57.894-03:00  INFO 45272 --- [bpmnflow-process-runtime] [           main] liquibase.util                           : Previously run:              17
2026-04-12T16:45:57.894-03:00  INFO 45272 --- [bpmnflow-process-runtime] [           main] liquibase.util                           : Filtered out:                 0
2026-04-12T16:45:57.894-03:00  INFO 45272 --- [bpmnflow-process-runtime] [           main] liquibase.util                           : -------------------------------
2026-04-12T16:45:57.894-03:00  INFO 45272 --- [bpmnflow-process-runtime] [           main] liquibase.util                           : Total change sets:           17
2026-04-12T16:45:57.894-03:00  INFO 45272 --- [bpmnflow-process-runtime] [           main] liquibase.util                           : Update summary generated
2026-04-12T16:45:57.894-03:00  INFO 45272 --- [bpmnflow-process-runtime] [           main] liquibase.command                        : Command execution complete
2026-04-12T16:45:57.907-03:00  INFO 45272 --- [bpmnflow-process-runtime] [           main] o.hibernate.jpa.internal.util.LogHelper  : HHH000204: Processing PersistenceUnitInfo [name: default]
2026-04-12T16:45:57.910-03:00  INFO 45272 --- [bpmnflow-process-runtime] [           main] o.h.c.internal.RegionFactoryInitiator    : HHH000026: Second-level cache disabled
2026-04-12T16:45:57.919-03:00  INFO 45272 --- [bpmnflow-process-runtime] [           main] o.s.o.j.p.SpringPersistenceUnitInfo      : No LoadTimeWeaver setup: ignoring JPA class transformer
2026-04-12T16:45:57.921-03:00  WARN 45272 --- [bpmnflow-process-runtime] [           main] org.hibernate.orm.deprecation            : HHH90000025: H2Dialect does not need to be specified explicitly using 'hibernate.dialect' (remove the property setting and it will be selected by default)
2026-04-12T16:45:57.921-03:00  INFO 45272 --- [bpmnflow-process-runtime] [           main] org.hibernate.orm.connections.pooling    : HHH10001005: Database info:
	Database JDBC URL [Connecting through datasource 'HikariDataSource (HikariPool-12)']
	Database driver: undefined/unknown
	Database version: 2.3.232
	Autocommit mode: undefined/unknown
	Isolation level: undefined/unknown
	Minimum pool size: undefined/unknown
	Maximum pool size: undefined/unknown
2026-04-12T16:45:58.018-03:00  INFO 45272 --- [bpmnflow-process-runtime] [           main] o.h.e.t.j.p.i.JtaPlatformInitiator       : HHH000489: No JTA platform available (set 'hibernate.transaction.jta.platform' to enable JTA platform integration)
2026-04-12T16:45:58.019-03:00  INFO 45272 --- [bpmnflow-process-runtime] [           main] j.LocalContainerEntityManagerFactoryBean : Initialized JPA EntityManagerFactory for persistence unit 'default'
2026-04-12T16:45:58.107-03:00  INFO 45272 --- [bpmnflow-process-runtime] [           main] o.b.parser.engine.EngineAdapterFactory   : BpmnFlow — active engine adapter: camunda7
2026-04-12T16:45:58.225-03:00  INFO 45272 --- [bpmnflow-process-runtime] [           main] o.b.r.service.BpmnDeployServiceTest      : Started BpmnDeployServiceTest in 0.7 seconds (process running for 30.256)
2026-04-12T16:45:58.239-03:00  INFO 45272 --- [bpmnflow-process-runtime] [           main] o.b.parser.engine.EngineAdapterFactory   : BpmnFlow — active engine adapter: camunda7
2026-04-12T16:45:58.385-03:00  INFO 45272 --- [bpmnflow-process-runtime] [           main] o.b.runtime.service.BpmnDeployService    : Deployed 'PIZZA_DELIVERY' v4 | participants=1 lanes=4 elements=14 flows=16 | stages=4 activities=9 rules=14 issues=0
2026-04-12T16:45:58.390-03:00  INFO 45272 --- [bpmnflow-process-runtime] [           main] j.LocalContainerEntityManagerFactoryBean : Closing JPA EntityManagerFactory for persistence unit 'default'
2026-04-12T16:45:58.390-03:00  INFO 45272 --- [bpmnflow-process-runtime] [           main] com.zaxxer.hikari.HikariDataSource       : HikariPool-12 - Shutdown initiated...
2026-04-12T16:45:58.391-03:00  INFO 45272 --- [bpmnflow-process-runtime] [           main] com.zaxxer.hikari.HikariDataSource       : HikariPool-12 - Shutdown completed.
]]></system-out>
  </testcase>
  <testcase name="deployResultCountersMatchDatabase" classname="org.bpmnflow.runtime.service.BpmnDeployServiceTest" time="0.169">
    <system-out><![CDATA[
  .   ____          _            __ _ _
 /\\ / ___'_ __ _ _(_)_ __  __ _ \ \ \ \
( ( )\___ | '_ | '_| | '_ \/ _` | \ \ \ \
 \\/  ___)| |_)| | | | | || (_| |  ) ) ) )
  '  |____| .__|_| |_|_| |_\__, | / / / /
 =========|_|==============|___/=/_/_/_/

 :: Spring Boot ::               (v3.5.13)

2026-04-12T16:45:58.417-03:00  INFO 45272 --- [bpmnflow-process-runtime] [           main] o.b.r.service.BpmnDeployServiceTest      : Starting BpmnDeployServiceTest using Java 21.0.10 with PID 45272 (started by jeferson.ferreira in C:\Users\jeferson.ferreira\IdeaProjects\bpmnflow-process-runtime)
2026-04-12T16:45:58.418-03:00  INFO 45272 --- [bpmnflow-process-runtime] [           main] o.b.r.service.BpmnDeployServiceTest      : The following 1 profile is active: "test"
2026-04-12T16:45:58.640-03:00  INFO 45272 --- [bpmnflow-process-runtime] [           main] .s.d.r.c.RepositoryConfigurationDelegate : Bootstrapping Spring Data JPA repositories in DEFAULT mode.
2026-04-12T16:45:58.666-03:00  INFO 45272 --- [bpmnflow-process-runtime] [           main] .s.d.r.c.RepositoryConfigurationDelegate : Finished Spring Data repository scanning in 24 ms. Found 13 JPA repository interfaces.
2026-04-12T16:45:58.708-03:00  INFO 45272 --- [bpmnflow-process-runtime] [           main] com.zaxxer.hikari.HikariDataSource       : HikariPool-13 - Starting...
2026-04-12T16:45:58.709-03:00  INFO 45272 --- [bpmnflow-process-runtime] [           main] com.zaxxer.hikari.pool.HikariPool        : HikariPool-13 - Added connection conn120: url=jdbc:h2:mem:testdb user=SA
2026-04-12T16:45:58.709-03:00  INFO 45272 --- [bpmnflow-process-runtime] [           main] com.zaxxer.hikari.HikariDataSource       : HikariPool-13 - Start completed.
2026-04-12T16:45:58.710-03:00  INFO 45272 --- [bpmnflow-process-runtime] [           main] liquibase.database                       : Set default schema name to PUBLIC
2026-04-12T16:45:58.726-03:00  INFO 45272 --- [bpmnflow-process-runtime] [           main] liquibase.changelog                      : Reading from PUBLIC.DATABASECHANGELOG
2026-04-12T16:45:58.758-03:00  INFO 45272 --- [bpmnflow-process-runtime] [           main] liquibase.ui                             : Database is up to date, no changesets to execute
2026-04-12T16:45:58.760-03:00  INFO 45272 --- [bpmnflow-process-runtime] [           main] liquibase.util                           : UPDATE SUMMARY
2026-04-12T16:45:58.760-03:00  INFO 45272 --- [bpmnflow-process-runtime] [           main] liquibase.util                           : Run:                          0
2026-04-12T16:45:58.760-03:00  INFO 45272 --- [bpmnflow-process-runtime] [           main] liquibase.util                           : Previously run:              17
2026-04-12T16:45:58.760-03:00  INFO 45272 --- [bpmnflow-process-runtime] [           main] liquibase.util                           : Filtered out:                 0
2026-04-12T16:45:58.760-03:00  INFO 45272 --- [bpmnflow-process-runtime] [           main] liquibase.util                           : -------------------------------
2026-04-12T16:45:58.760-03:00  INFO 45272 --- [bpmnflow-process-runtime] [           main] liquibase.util                           : Total change sets:           17
2026-04-12T16:45:58.760-03:00  INFO 45272 --- [bpmnflow-process-runtime] [           main] liquibase.util                           : Update summary generated
2026-04-12T16:45:58.760-03:00  INFO 45272 --- [bpmnflow-process-runtime] [           main] liquibase.command                        : Command execution complete
2026-04-12T16:45:58.775-03:00  INFO 45272 --- [bpmnflow-process-runtime] [           main] o.hibernate.jpa.internal.util.LogHelper  : HHH000204: Processing PersistenceUnitInfo [name: default]
2026-04-12T16:45:58.778-03:00  INFO 45272 --- [bpmnflow-process-runtime] [           main] o.h.c.internal.RegionFactoryInitiator    : HHH000026: Second-level cache disabled
2026-04-12T16:45:58.794-03:00  INFO 45272 --- [bpmnflow-process-runtime] [           main] o.s.o.j.p.SpringPersistenceUnitInfo      : No LoadTimeWeaver setup: ignoring JPA class transformer
2026-04-12T16:45:58.795-03:00  WARN 45272 --- [bpmnflow-process-runtime] [           main] org.hibernate.orm.deprecation            : HHH90000025: H2Dialect does not need to be specified explicitly using 'hibernate.dialect' (remove the property setting and it will be selected by default)
2026-04-12T16:45:58.795-03:00  INFO 45272 --- [bpmnflow-process-runtime] [           main] org.hibernate.orm.connections.pooling    : HHH10001005: Database info:
	Database JDBC URL [Connecting through datasource 'HikariDataSource (HikariPool-13)']
	Database driver: undefined/unknown
	Database version: 2.3.232
	Autocommit mode: undefined/unknown
	Isolation level: undefined/unknown
	Minimum pool size: undefined/unknown
	Maximum pool size: undefined/unknown
2026-04-12T16:45:58.874-03:00  INFO 45272 --- [bpmnflow-process-runtime] [           main] o.h.e.t.j.p.i.JtaPlatformInitiator       : HHH000489: No JTA platform available (set 'hibernate.transaction.jta.platform' to enable JTA platform integration)
2026-04-12T16:45:58.874-03:00  INFO 45272 --- [bpmnflow-process-runtime] [           main] j.LocalContainerEntityManagerFactoryBean : Initialized JPA EntityManagerFactory for persistence unit 'default'
2026-04-12T16:45:58.953-03:00  INFO 45272 --- [bpmnflow-process-runtime] [           main] o.b.parser.engine.EngineAdapterFactory   : BpmnFlow — active engine adapter: camunda7
2026-04-12T16:45:59.076-03:00  INFO 45272 --- [bpmnflow-process-runtime] [           main] o.b.r.service.BpmnDeployServiceTest      : Started BpmnDeployServiceTest in 0.683 seconds (process running for 31.106)
2026-04-12T16:45:59.084-03:00  INFO 45272 --- [bpmnflow-process-runtime] [           main] o.b.parser.engine.EngineAdapterFactory   : BpmnFlow — active engine adapter: camunda7
2026-04-12T16:45:59.195-03:00  INFO 45272 --- [bpmnflow-process-runtime] [           main] o.b.runtime.service.BpmnDeployService    : Deployed 'PIZZA_DELIVERY' v5 | participants=1 lanes=4 elements=14 flows=16 | stages=4 activities=9 rules=14 issues=0
2026-04-12T16:45:59.244-03:00  INFO 45272 --- [bpmnflow-process-runtime] [           main] j.LocalContainerEntityManagerFactoryBean : Closing JPA EntityManagerFactory for persistence unit 'default'
2026-04-12T16:45:59.244-03:00  INFO 45272 --- [bpmnflow-process-runtime] [           main] com.zaxxer.hikari.HikariDataSource       : HikariPool-13 - Shutdown initiated...
2026-04-12T16:45:59.245-03:00  INFO 45272 --- [bpmnflow-process-runtime] [           main] com.zaxxer.hikari.HikariDataSource       : HikariPool-13 - Shutdown completed.
]]></system-out>
  </testcase>
  <testcase name="deployWithNullKeyUsesBpmnId" classname="org.bpmnflow.runtime.service.BpmnDeployServiceTest" time="0.122">
    <system-out><![CDATA[
  .   ____          _            __ _ _
 /\\ / ___'_ __ _ _(_)_ __  __ _ \ \ \ \
( ( )\___ | '_ | '_| | '_ \/ _` | \ \ \ \
 \\/  ___)| |_)| | | | | || (_| |  ) ) ) )
  '  |____| .__|_| |_|_| |_\__, | / / / /
 =========|_|==============|___/=/_/_/_/

 :: Spring Boot ::               (v3.5.13)

2026-04-12T16:45:59.272-03:00  INFO 45272 --- [bpmnflow-process-runtime] [           main] o.b.r.service.BpmnDeployServiceTest      : Starting BpmnDeployServiceTest using Java 21.0.10 with PID 45272 (started by jeferson.ferreira in C:\Users\jeferson.ferreira\IdeaProjects\bpmnflow-process-runtime)
2026-04-12T16:45:59.272-03:00  INFO 45272 --- [bpmnflow-process-runtime] [           main] o.b.r.service.BpmnDeployServiceTest      : The following 1 profile is active: "test"
2026-04-12T16:45:59.495-03:00  INFO 45272 --- [bpmnflow-process-runtime] [           main] .s.d.r.c.RepositoryConfigurationDelegate : Bootstrapping Spring Data JPA repositories in DEFAULT mode.
2026-04-12T16:45:59.522-03:00  INFO 45272 --- [bpmnflow-process-runtime] [           main] .s.d.r.c.RepositoryConfigurationDelegate : Finished Spring Data repository scanning in 25 ms. Found 13 JPA repository interfaces.
2026-04-12T16:45:59.558-03:00  INFO 45272 --- [bpmnflow-process-runtime] [           main] com.zaxxer.hikari.HikariDataSource       : HikariPool-14 - Starting...
2026-04-12T16:45:59.559-03:00  INFO 45272 --- [bpmnflow-process-runtime] [           main] com.zaxxer.hikari.pool.HikariPool        : HikariPool-14 - Added connection conn130: url=jdbc:h2:mem:testdb user=SA
2026-04-12T16:45:59.559-03:00  INFO 45272 --- [bpmnflow-process-runtime] [           main] com.zaxxer.hikari.HikariDataSource       : HikariPool-14 - Start completed.
2026-04-12T16:45:59.560-03:00  INFO 45272 --- [bpmnflow-process-runtime] [           main] liquibase.database                       : Set default schema name to PUBLIC
2026-04-12T16:45:59.577-03:00  INFO 45272 --- [bpmnflow-process-runtime] [           main] liquibase.changelog                      : Reading from PUBLIC.DATABASECHANGELOG
2026-04-12T16:45:59.616-03:00  INFO 45272 --- [bpmnflow-process-runtime] [           main] liquibase.ui                             : Database is up to date, no changesets to execute
2026-04-12T16:45:59.620-03:00  INFO 45272 --- [bpmnflow-process-runtime] [           main] liquibase.util                           : UPDATE SUMMARY
2026-04-12T16:45:59.620-03:00  INFO 45272 --- [bpmnflow-process-runtime] [           main] liquibase.util                           : Run:                          0
2026-04-12T16:45:59.620-03:00  INFO 45272 --- [bpmnflow-process-runtime] [           main] liquibase.util                           : Previously run:              17
2026-04-12T16:45:59.620-03:00  INFO 45272 --- [bpmnflow-process-runtime] [           main] liquibase.util                           : Filtered out:                 0
2026-04-12T16:45:59.620-03:00  INFO 45272 --- [bpmnflow-process-runtime] [           main] liquibase.util                           : -------------------------------
2026-04-12T16:45:59.620-03:00  INFO 45272 --- [bpmnflow-process-runtime] [           main] liquibase.util                           : Total change sets:           17
2026-04-12T16:45:59.620-03:00  INFO 45272 --- [bpmnflow-process-runtime] [           main] liquibase.util                           : Update summary generated
2026-04-12T16:45:59.620-03:00  INFO 45272 --- [bpmnflow-process-runtime] [           main] liquibase.command                        : Command execution complete
2026-04-12T16:45:59.635-03:00  INFO 45272 --- [bpmnflow-process-runtime] [           main] o.hibernate.jpa.internal.util.LogHelper  : HHH000204: Processing PersistenceUnitInfo [name: default]
2026-04-12T16:45:59.638-03:00  INFO 45272 --- [bpmnflow-process-runtime] [           main] o.h.c.internal.RegionFactoryInitiator    : HHH000026: Second-level cache disabled
2026-04-12T16:45:59.647-03:00  INFO 45272 --- [bpmnflow-process-runtime] [           main] o.s.o.j.p.SpringPersistenceUnitInfo      : No LoadTimeWeaver setup: ignoring JPA class transformer
2026-04-12T16:45:59.648-03:00  WARN 45272 --- [bpmnflow-process-runtime] [           main] org.hibernate.orm.deprecation            : HHH90000025: H2Dialect does not need to be specified explicitly using 'hibernate.dialect' (remove the property setting and it will be selected by default)
2026-04-12T16:45:59.649-03:00  INFO 45272 --- [bpmnflow-process-runtime] [           main] org.hibernate.orm.connections.pooling    : HHH10001005: Database info:
	Database JDBC URL [Connecting through datasource 'HikariDataSource (HikariPool-14)']
	Database driver: undefined/unknown
	Database version: 2.3.232
	Autocommit mode: undefined/unknown
	Isolation level: undefined/unknown
	Minimum pool size: undefined/unknown
	Maximum pool size: undefined/unknown
2026-04-12T16:45:59.725-03:00  INFO 45272 --- [bpmnflow-process-runtime] [           main] o.h.e.t.j.p.i.JtaPlatformInitiator       : HHH000489: No JTA platform available (set 'hibernate.transaction.jta.platform' to enable JTA platform integration)
2026-04-12T16:45:59.725-03:00  INFO 45272 --- [bpmnflow-process-runtime] [           main] j.LocalContainerEntityManagerFactoryBean : Initialized JPA EntityManagerFactory for persistence unit 'default'
2026-04-12T16:45:59.786-03:00  INFO 45272 --- [bpmnflow-process-runtime] [           main] o.b.parser.engine.EngineAdapterFactory   : BpmnFlow — active engine adapter: camunda7
2026-04-12T16:45:59.912-03:00  INFO 45272 --- [bpmnflow-process-runtime] [           main] o.b.r.service.BpmnDeployServiceTest      : Started BpmnDeployServiceTest in 0.664 seconds (process running for 31.943)
2026-04-12T16:45:59.920-03:00  INFO 45272 --- [bpmnflow-process-runtime] [           main] o.b.parser.engine.EngineAdapterFactory   : BpmnFlow — active engine adapter: camunda7
2026-04-12T16:46:00.026-03:00  INFO 45272 --- [bpmnflow-process-runtime] [           main] o.b.runtime.service.BpmnDeployService    : Deployed 'Process_pizza' v1 | participants=1 lanes=4 elements=14 flows=16 | stages=4 activities=9 rules=14 issues=0
2026-04-12T16:46:00.034-03:00  INFO 45272 --- [bpmnflow-process-runtime] [           main] j.LocalContainerEntityManagerFactoryBean : Closing JPA EntityManagerFactory for persistence unit 'default'
2026-04-12T16:46:00.034-03:00  INFO 45272 --- [bpmnflow-process-runtime] [           main] com.zaxxer.hikari.HikariDataSource       : HikariPool-14 - Shutdown initiated...
2026-04-12T16:46:00.036-03:00  INFO 45272 --- [bpmnflow-process-runtime] [           main] com.zaxxer.hikari.HikariDataSource       : HikariPool-14 - Shutdown completed.
]]></system-out>
  </testcase>
</testsuite>